{"name": "test_create_invoice", "status": "broken", "statusDetails": {"message": "selenium.common.exceptions.TimeoutException: Message: \nStacktrace:\n\tGetHandleVerifier [0x00D98073+60707]\n\tGetHandleVerifier [0x00D980B4+60772]\n\t(No symbol) [0x00BC0683]\n\t(No symbol) [0x00C08660]\n\t(No symbol) [0x00C089FB]\n\t(No symbol) [0x00C51022]\n\t(No symbol) [0x00C2D094]\n\t(No symbol) [0x00C4E824]\n\t(No symbol) [0x00C2CE46]\n\t(No symbol) [0x00BFC5D3]\n\t(No symbol) [0x00BFD424]\n\tGetHandleVerifier [0x00FDBB53+2435075]\n\tGetHandleVerifier [0x00FD70F3+2416035]\n\tGetHandleVerifier [0x00FF349C+2531660]\n\tGetHandleVerifier [0x00DAF145+155125]\n\tGetHandleVerifier [0x00DB5AED+182173]\n\tGetHandleVerifier [0x00D9F948+91640]\n\tGetHandleVerifier [0x00D9FAF0+92064]\n\tGetHandleVerifier [0x00D8A5B0+4704]\n\tBaseThreadInitThunk [0x75EB7BA9+25]\n\tRtlInitializeExceptionChain [0x7727C2EB+107]\n\tRtlClearBits [0x7727C26F+191]", "trace": "setup = <selenium.webdriver.chrome.webdriver.WebDriver (session=\"b830c2aac8afcfcaeb9e9ab4a5dbc3cd\")>\ncreate_invoice_test_data = {'customer_name': 'Sachin Tendulkar', 'due_date': 'April 2025, April 10, 2025', 'invoice_date': 'March 2025, March 4, 2025', 'message_on_invoice': 'automation test', ...}\n\n    def test_create_invoice(setup, create_invoice_test_data):\n        driver = setup\n        create_invoice = Create_Invoice(driver)\n    \n        logger.info(\"Test case started for create invoice\")\n        create_invoice.inv_submod_Sales()\n        logger.info(\"Navigated to Sale module\")\n        create_invoice.inv_submod_invoice()\n        logger.info(\"Navigated to Invoice submodule\")\n        create_invoice.inv_create_invoice()\n        logger.info(\"clicked on create invoice button\")\n        time.sleep(3)\n        create_invoice.inv_select_customer(create_invoice_test_data)\n        logger.info(\"customer selected\")\n        time.sleep(2)\n        #create_invoice.inv_select_credit_terms(create_invoice_test_data)\n        logger.info(\"credit terms selected\")\n        #create_invoice.inv_location_of_sale(create_invoice_test_data)\n        logger.info(\"location of sale selected\")\n        #create_invoice.inv_dd_billing(create_invoice_test_data)\n        logger.info(\"billing address selected\")\n        #create_invoice.inv_shippingvia(create_invoice_test_data)\n        logger.info(\"shippingvia address selected\")\n        #create_invoice.inv_shipping_to(create_invoice_test_data)\n        logger.info(\"shippingto address selected\")\n        create_invoice.inv_invoice_date(create_invoice_test_data)\n        logger.info(\"invoice date selected\")\n        create_invoice.inv_shipping_date(create_invoice_test_data)\n        logger.info(\"shipping date selected\")\n        create_invoice.inv_due_date(create_invoice_test_data)\n        logger.info(\"due date selected\")\n        create_invoice.inv_click_additems()\n        logger.info(\"add items button clicked\")\n>       create_invoice.inv_select_productservice(create_invoice_test_data)\n\ntest_create_invoice.py:43: \n_ _ _ _ _ _ _ _ _ _ _ _ _ _ _ _ _ _ _ _ _ _ _ _ _ _ _ _ _ _ _ _ _ _ _ _ _ _ _ _\n..\\pages\\create_invoice.py:127: in inv_select_productservice\n    self.actions.dropdown_equals(self.inv_dd_select_product, self.inv_options_select_productservice, create_invoice_test_data[\"product_service_name\"])\n..\\actions\\actions.py:221: in dropdown_equals\n    wait.until(EC.visibility_of_element_located(de_options_locator))\n_ _ _ _ _ _ _ _ _ _ _ _ _ _ _ _ _ _ _ _ _ _ _ _ _ _ _ _ _ _ _ _ _ _ _ _ _ _ _ _\n\nself = <selenium.webdriver.support.wait.WebDriverWait (session=\"b830c2aac8afcfcaeb9e9ab4a5dbc3cd\")>\nmethod = <function visibility_of_element_located.<locals>._predicate at 0x00000175AF203420>\nmessage = ''\n\n    def until(self, method: Callable[[D], Union[Literal[False], T]], message: str = \"\") -> T:\n        \"\"\"Wait until the method returns a value that is not False.\n    \n        Calls the method provided with the driver as an argument until the\n        return value does not evaluate to ``False``.\n    \n        Parameters:\n        ----------\n        method: callable(WebDriver)\n            - A callable object that takes a WebDriver instance as an argument.\n    \n        message: str\n            - Optional message for :exc:`TimeoutException`\n    \n        Return:\n        -------\n        object: T\n            - The result of the last call to `method`\n    \n        Raises:\n        -------\n        TimeoutException\n            - If 'method' does not return a truthy value within the WebDriverWait\n            object's timeout\n    \n        Example:\n        --------\n        >>> from selenium.webdriver.common.by import By\n        >>> from selenium.webdriver.support.ui import WebDriverWait\n        >>> from selenium.webdriver.support import expected_conditions as EC\n    \n        # Wait until an element is visible on the page\n        >>> wait = WebDriverWait(driver, 10)\n        >>> element = wait.until(EC.visibility_of_element_located((By.ID, \"exampleId\")))\n        >>> print(element.text)\n        \"\"\"\n        screen = None\n        stacktrace = None\n    \n        end_time = time.monotonic() + self._timeout\n        while True:\n            try:\n                value = method(self._driver)\n                if value:\n                    return value\n            except self._ignored_exceptions as exc:\n                screen = getattr(exc, \"screen\", None)\n                stacktrace = getattr(exc, \"stacktrace\", None)\n            if time.monotonic() > end_time:\n                break\n            time.sleep(self._poll)\n>       raise TimeoutException(message, screen, stacktrace)\nE       selenium.common.exceptions.TimeoutException: Message: \nE       Stacktrace:\nE       \tGetHandleVerifier [0x00D98073+60707]\nE       \tGetHandleVerifier [0x00D980B4+60772]\nE       \t(No symbol) [0x00BC0683]\nE       \t(No symbol) [0x00C08660]\nE       \t(No symbol) [0x00C089FB]\nE       \t(No symbol) [0x00C51022]\nE       \t(No symbol) [0x00C2D094]\nE       \t(No symbol) [0x00C4E824]\nE       \t(No symbol) [0x00C2CE46]\nE       \t(No symbol) [0x00BFC5D3]\nE       \t(No symbol) [0x00BFD424]\nE       \tGetHandleVerifier [0x00FDBB53+2435075]\nE       \tGetHandleVerifier [0x00FD70F3+2416035]\nE       \tGetHandleVerifier [0x00FF349C+2531660]\nE       \tGetHandleVerifier [0x00DAF145+155125]\nE       \tGetHandleVerifier [0x00DB5AED+182173]\nE       \tGetHandleVerifier [0x00D9F948+91640]\nE       \tGetHandleVerifier [0x00D9FAF0+92064]\nE       \tGetHandleVerifier [0x00D8A5B0+4704]\nE       \tBaseThreadInitThunk [0x75EB7BA9+25]\nE       \tRtlInitializeExceptionChain [0x7727C2EB+107]\nE       \tRtlClearBits [0x7727C26F+191]\n\n..\\.venv\\Lib\\site-packages\\selenium\\webdriver\\support\\wait.py:146: TimeoutException"}, "attachments": [{"name": "log", "source": "60004575-be22-4ec1-8916-31758eae6b39-attachment.txt", "type": "text/plain"}, {"name": "stderr", "source": "68e44f45-5ef7-4b1f-b61b-52f6dc619348-attachment.txt", "type": "text/plain"}], "start": 1744988792847, "stop": 1744988850922, "uuid": "25fbe529-d1e1-4b04-b89f-2fd52052f0df", "historyId": "fc7b2251192f1c8c226df9a8539342f9", "testCaseId": "fc7b2251192f1c8c226df9a8539342f9", "fullName": "test_create_invoice#test_create_invoice", "labels": [{"name": "suite", "value": "test_create_invoice"}, {"name": "host", "value": "LAPTOP-R01C5SG4"}, {"name": "thread", "value": "66088-MainThread"}, {"name": "framework", "value": "pytest"}, {"name": "language", "value": "cpython3"}, {"name": "package", "value": "test_create_invoice"}]}