{"name": "test_username_validation", "status": "broken", "statusDetails": {"message": "selenium.common.exceptions.TimeoutException: Message:", "trace": "setup = <selenium.webdriver.chrome.webdriver.WebDriver (session=\"3a517693e8798a621826cb3232a6d916\")>\nlogin_test_data = {'expected_password_validation': 'Password is required', 'expected_username_validation': 'Email is required.', 'expect...lid_email_verification_msg': \"Please check your email address. If you don't have an account, you can create one.\", ...}\n\n    def test_username_validation(setup, login_test_data):\n        driver = setup\n        login_page = LoginPage(driver)\n        #login_page.enter_password(valid_password[0])\n>       login_page.click_loginbutton()\n\ntest_login.py:70: \n_ _ _ _ _ _ _ _ _ _ _ _ _ _ _ _ _ _ _ _ _ _ _ _ _ _ _ _ _ _ _ _ _ _ _ _ _ _ _ _\n..\\pages\\login_page.py:36: in click_loginbutton\n    self.actions.click(self.login_button)\n..\\actions\\actions.py:21: in click\n    WebDriverWait(self.driver, 20).until(EC.element_to_be_clickable(locator)).click()\n_ _ _ _ _ _ _ _ _ _ _ _ _ _ _ _ _ _ _ _ _ _ _ _ _ _ _ _ _ _ _ _ _ _ _ _ _ _ _ _\n\nself = <selenium.webdriver.support.wait.WebDriverWait (session=\"3a517693e8798a621826cb3232a6d916\")>\nmethod = <function element_to_be_clickable.<locals>._predicate at 0x000001C3C6973E20>\nmessage = ''\n\n    def until(self, method: Callable[[D], Union[Literal[False], T]], message: str = \"\") -> T:\n        \"\"\"Wait until the method returns a value that is not False.\n    \n        Calls the method provided with the driver as an argument until the\n        return value does not evaluate to ``False``.\n    \n        Parameters:\n        ----------\n        method: callable(WebDriver)\n            - A callable object that takes a WebDriver instance as an argument.\n    \n        message: str\n            - Optional message for :exc:`TimeoutException`\n    \n        Return:\n        -------\n        object: T\n            - The result of the last call to `method`\n    \n        Raises:\n        -------\n        TimeoutException\n            - If 'method' does not return a truthy value within the WebDriverWait\n            object's timeout\n    \n        Example:\n        --------\n        >>> from selenium.webdriver.common.by import By\n        >>> from selenium.webdriver.support.ui import WebDriverWait\n        >>> from selenium.webdriver.support import expected_conditions as EC\n    \n        # Wait until an element is visible on the page\n        >>> wait = WebDriverWait(driver, 10)\n        >>> element = wait.until(EC.visibility_of_element_located((By.ID, \"exampleId\")))\n        >>> print(element.text)\n        \"\"\"\n        screen = None\n        stacktrace = None\n    \n        end_time = time.monotonic() + self._timeout\n        while True:\n            try:\n                value = method(self._driver)\n                if value:\n                    return value\n            except self._ignored_exceptions as exc:\n                screen = getattr(exc, \"screen\", None)\n                stacktrace = getattr(exc, \"stacktrace\", None)\n            if time.monotonic() > end_time:\n                break\n            time.sleep(self._poll)\n>       raise TimeoutException(message, screen, stacktrace)\nE       selenium.common.exceptions.TimeoutException: Message:\n\n..\\.venv\\Lib\\site-packages\\selenium\\webdriver\\support\\wait.py:146: TimeoutException"}, "attachments": [{"name": "log", "source": "959e4bb3-5b81-4e45-ab0e-b49fb8e49048-attachment.txt", "type": "text/plain"}, {"name": "stderr", "source": "15611d86-536a-4120-b5aa-3761e6001552-attachment.txt", "type": "text/plain"}], "start": 1745417057808, "stop": 1745417078093, "uuid": "a12c88c0-90d2-4b2a-8326-0a14b3a6cb58", "historyId": "76a699529e887926badbc600155b2cd6", "testCaseId": "76a699529e887926badbc600155b2cd6", "fullName": "test_login#test_username_validation", "labels": [{"name": "suite", "value": "test_login"}, {"name": "host", "value": "LAPTOP-R01C5SG4"}, {"name": "thread", "value": "26524-MainThread"}, {"name": "framework", "value": "pytest"}, {"name": "language", "value": "cpython3"}, {"name": "package", "value": "test_login"}]}