{"name": "test_invalid_email_validation[username3]", "status": "broken", "statusDetails": {"message": "selenium.common.exceptions.TimeoutException: Message:", "trace": "setup = <selenium.webdriver.chrome.webdriver.WebDriver (session=\"88820a199c6af18b78e988acc3d80bf4\")>\nlogin_test_data = {'expected_password_validation': 'Password is required', 'expected_username_validation': 'Email is required.', 'expect...ect_email_verification_msg': \"Please check your email address. If you don't have an account, you can create one.\", ...}\nusername = ('payergmail.com',)\n\n    @pytest.mark.parametrize(\"username\", zip(invalid_format_username))\n    def test_invalid_email_validation(setup, login_test_data, username):\n        driver = setup\n        login_page = LoginPage(driver)\n        login_page.enter_username(username)\n>       login_page.click_loginbutton()\n\ntest_login.py:97: \n_ _ _ _ _ _ _ _ _ _ _ _ _ _ _ _ _ _ _ _ _ _ _ _ _ _ _ _ _ _ _ _ _ _ _ _ _ _ _ _\n..\\pages\\login_page.py:44: in click_loginbutton\n    self.actions.click(self.login_button)\n..\\actions\\actions.py:21: in click\n    WebDriverWait(self.driver, 20).until(EC.element_to_be_clickable(locator)).click()\n_ _ _ _ _ _ _ _ _ _ _ _ _ _ _ _ _ _ _ _ _ _ _ _ _ _ _ _ _ _ _ _ _ _ _ _ _ _ _ _\n\nself = <selenium.webdriver.support.wait.WebDriverWait (session=\"88820a199c6af18b78e988acc3d80bf4\")>\nmethod = <function element_to_be_clickable.<locals>._predicate at 0x0000016E704219E0>\nmessage = ''\n\n    def until(self, method: Callable[[D], Union[Literal[False], T]], message: str = \"\") -> T:\n        \"\"\"Wait until the method returns a value that is not False.\n    \n        Calls the method provided with the driver as an argument until the\n        return value does not evaluate to ``False``.\n    \n        Parameters:\n        ----------\n        method: callable(WebDriver)\n            - A callable object that takes a WebDriver instance as an argument.\n    \n        message: str\n            - Optional message for :exc:`TimeoutException`\n    \n        Return:\n        -------\n        object: T\n            - The result of the last call to `method`\n    \n        Raises:\n        -------\n        TimeoutException\n            - If 'method' does not return a truthy value within the WebDriverWait\n            object's timeout\n    \n        Example:\n        --------\n        >>> from selenium.webdriver.common.by import By\n        >>> from selenium.webdriver.support.ui import WebDriverWait\n        >>> from selenium.webdriver.support import expected_conditions as EC\n    \n        # Wait until an element is visible on the page\n        >>> wait = WebDriverWait(driver, 10)\n        >>> element = wait.until(EC.visibility_of_element_located((By.ID, \"exampleId\")))\n        >>> print(element.text)\n        \"\"\"\n        screen = None\n        stacktrace = None\n    \n        end_time = time.monotonic() + self._timeout\n        while True:\n            try:\n                value = method(self._driver)\n                if value:\n                    return value\n            except self._ignored_exceptions as exc:\n                screen = getattr(exc, \"screen\", None)\n                stacktrace = getattr(exc, \"stacktrace\", None)\n            if time.monotonic() > end_time:\n                break\n            time.sleep(self._poll)\n>       raise TimeoutException(message, screen, stacktrace)\nE       selenium.common.exceptions.TimeoutException: Message:\n\n..\\.venv\\Lib\\site-packages\\selenium\\webdriver\\support\\wait.py:146: TimeoutException"}, "attachments": [{"name": "log", "source": "579a3d4f-211c-460b-9f0f-9074e9b0dd4a-attachment.txt", "type": "text/plain"}, {"name": "stderr", "source": "847eb469-f9a8-4d85-958e-11ef59d7ecf2-attachment.txt", "type": "text/plain"}], "parameters": [{"name": "username", "value": "('payergmail.com',)"}], "start": 1745484068877, "stop": 1745484089675, "uuid": "2b20850c-fd02-4418-91f1-f42be75a976e", "historyId": "a6b781566ec9d86b8b348337e87d51c2", "testCaseId": "fa91971e621bb41a2674a42cdb1a66e7", "fullName": "test_login#test_invalid_email_validation", "labels": [{"name": "suite", "value": "test_login"}, {"name": "host", "value": "LAPTOP-R01C5SG4"}, {"name": "thread", "value": "1980-MainThread"}, {"name": "framework", "value": "pytest"}, {"name": "language", "value": "cpython3"}, {"name": "package", "value": "test_login"}]}