========== Linting Errors ==========
0
========== End of Linting ==========
============================================
Test Run Started: 2025-07-16 04:10:38
--------------------------------------------
============================= test session starts ==============================
platform linux -- Python 3.13.5, pytest-8.3.5, pluggy-1.6.0 -- /opt/hostedtoolcache/Python/3.13.5/x64/bin/python
cachedir: .pytest_cache
metadata: {'Python': '3.13.5', 'Platform': 'Linux-6.11.0-1018-azure-x86_64-with-glibc2.39', 'Packages': {'pytest': '8.3.5', 'pluggy': '1.6.0'}, 'Plugins': {'rerunfailures': '15.1', 'Faker': '37.4.2', 'xdist': '3.8.0', 'html': '4.1.1', 'metadata': '3.1.1'}, 'CI': 'true', 'JAVA_HOME': '/usr/lib/jvm/temurin-17-jdk-amd64'}
rootdir: /home/runner/work/Mocha_accounting/Mocha_accounting
plugins: rerunfailures-15.1, Faker-37.4.2, xdist-3.8.0, html-4.1.1, metadata-3.1.1
collecting ... collected 19 items

tests/test_login.py::test_valid_login[ranjeet.gupta@mochatechnologies.com-Ais@1234] FAILED [  5%]
tests/test_login.py::test_valid_login[samatakamble9@gmail.com-Samata@16] FAILED [ 10%]
tests/test_login.py::test_valid_login[shubhamdabir07@gmail.com-Shubham@1234] FAILED [ 15%]
tests/test_login.py::test_valid_login[hrishikesh.shinde1607@gmail.com-Hrishikesh@1234] FAILED [ 21%]
tests/test_login.py::test_invalid_email_login[username0] FAILED          [ 26%]
tests/test_login.py::test_invalid_email_login[username1] FAILED          [ 31%]
tests/test_login.py::test_invalid_email_login[username2] FAILED          [ 36%]
tests/test_login.py::test_invalid_email_login[username3] FAILED          [ 42%]
tests/test_login.py::test_invalid_password_login[ranjeet.gupta@mochatechnologies.com-Password@123] FAILED [ 47%]
tests/test_login.py::test_invalid_password_login[samatakamble9@gmail.com-Password@12] FAILED [ 52%]
tests/test_login.py::test_invalid_password_login[shubhamdabir07@gmail.com-Password] FAILED [ 57%]
tests/test_login.py::test_invalid_password_login[hrishikesh.shinde1607@gmail.com-payer@1234] FAILED [ 63%]
tests/test_login.py::test_blank_username_validation PASSED               [ 68%]
tests/test_login.py::test_blank_password_validation FAILED               [ 73%]
tests/test_login.py::test_invalid_email_validation[username0] PASSED     [ 78%]
tests/test_login.py::test_invalid_email_validation[username1] FAILED     [ 84%]
tests/test_login.py::test_invalid_email_validation[username2] PASSED     [ 89%]
tests/test_login.py::test_invalid_email_validation[username3] PASSED     [ 94%]
tests/test_login.py::test_invalid_email_validation[username4] PASSED     [100%]

=================================== FAILURES ===================================
________ test_valid_login[ranjeet.gupta@mochatechnologies.com-Ais@1234] ________

setup = <selenium.webdriver.chrome.webdriver.WebDriver (session="ed642f9123ec0dfee6d61f45a79f8eca")>
login_test_data = {'expected_password_validation': 'Password is required', 'expected_username_validation': 'Email is required.', 'expect...ect_email_verification_msg': "Please check your email address. If you don't have an account, you can create one.", ...}
username = 'ranjeet.gupta@mochatechnologies.com', password = 'Ais@1234'

    @pytest.mark.parametrize("username, password", zip(valid_username, valid_password))
    def test_valid_login(setup, login_test_data, username, password):
       # expectedmessage = login_test_data['expectederrormsg']
        driver = setup
        login_page = LoginPage(driver)
        logger.info("Starting the test case for valid credentials")
        login_page.enter_username(username)
        logger.info("User enters the email-id")
>       login_page.enter_password(password)

tests/test_login.py:39: 
_ _ _ _ _ _ _ _ _ _ _ _ _ _ _ _ _ _ _ _ _ _ _ _ _ _ _ _ _ _ _ _ _ _ _ _ _ _ _ _ 
pages/login_page.py:36: in enter_password
    self.actions.wait_for_element(self.login_password)
actions/actions.py:71: in wait_for_element
    WebDriverWait(self.driver, timeout).until(EC.visibility_of_element_located(locator))
/opt/hostedtoolcache/Python/3.13.5/x64/lib/python3.13/site-packages/selenium/webdriver/support/wait.py:137: in until
    value = method(self._driver)
/opt/hostedtoolcache/Python/3.13.5/x64/lib/python3.13/site-packages/selenium/webdriver/support/expected_conditions.py:224: in _predicate
    return _element_if_visible(driver.find_element(*locator))
/opt/hostedtoolcache/Python/3.13.5/x64/lib/python3.13/site-packages/selenium/webdriver/support/expected_conditions.py:280: in _element_if_visible
    return element if element.is_displayed() == visibility else False
/opt/hostedtoolcache/Python/3.13.5/x64/lib/python3.13/site-packages/selenium/webdriver/remote/webelement.py:340: in is_displayed
    return self.parent.execute_script(f"/* isDisplayed */return ({isDisplayed_js}).apply(null, arguments);", self)
/opt/hostedtoolcache/Python/3.13.5/x64/lib/python3.13/site-packages/selenium/webdriver/remote/webdriver.py:528: in execute_script
    return self.execute(command, {"script": script, "args": converted_args})["value"]
/opt/hostedtoolcache/Python/3.13.5/x64/lib/python3.13/site-packages/selenium/webdriver/remote/webdriver.py:429: in execute
    self.error_handler.check_response(response)
_ _ _ _ _ _ _ _ _ _ _ _ _ _ _ _ _ _ _ _ _ _ _ _ _ _ _ _ _ _ _ _ _ _ _ _ _ _ _ _ 

self = <selenium.webdriver.remote.errorhandler.ErrorHandler object at 0x7f8836f9d940>
response = {'status': 500, 'value': '{"value":{"error":"javascript error","message":"javascript error: Cannot read properties of ...\\n#17 0x5586946b0af6 \\u003Cunknown>\\n#18 0x7fad48a9caa4 \\u003Cunknown>\\n#19 0x7fad48b29c3c \\u003Cunknown>\\n"}}'}

    def check_response(self, response: Dict[str, Any]) -> None:
        """Checks that a JSON response from the WebDriver does not have an
        error.
    
        :Args:
         - response - The JSON response from the WebDriver server as a dictionary
           object.
    
        :Raises: If the response contains an error message.
        """
        status = response.get("status", None)
        if not status or status == ErrorCode.SUCCESS:
            return
        value = None
        message = response.get("message", "")
        screen: str = response.get("screen", "")
        stacktrace = None
        if isinstance(status, int):
            value_json = response.get("value", None)
            if value_json and isinstance(value_json, str):
                import json
    
                try:
                    value = json.loads(value_json)
                    if len(value) == 1:
                        value = value["value"]
                    status = value.get("error", None)
                    if not status:
                        status = value.get("status", ErrorCode.UNKNOWN_ERROR)
                        message = value.get("value") or value.get("message")
                        if not isinstance(message, str):
                            value = message
                            message = message.get("message")
                    else:
                        message = value.get("message", None)
                except ValueError:
                    pass
    
        exception_class: Type[WebDriverException]
        e = ErrorCode()
        error_codes = [item for item in dir(e) if not item.startswith("__")]
        for error_code in error_codes:
            error_info = getattr(ErrorCode, error_code)
            if isinstance(error_info, list) and status in error_info:
                exception_class = getattr(ExceptionMapping, error_code, WebDriverException)
                break
        else:
            exception_class = WebDriverException
    
        if not value:
            value = response["value"]
        if isinstance(value, str):
            raise exception_class(value)
        if message == "" and "message" in value:
            message = value["message"]
    
        screen = None  # type: ignore[assignment]
        if "screen" in value:
            screen = value["screen"]
    
        stacktrace = None
        st_value = value.get("stackTrace") or value.get("stacktrace")
        if st_value:
            if isinstance(st_value, str):
                stacktrace = st_value.split("\n")
            else:
                stacktrace = []
                try:
                    for frame in st_value:
                        line = frame.get("lineNumber", "")
                        file = frame.get("fileName", "<anonymous>")
                        if line:
                            file = f"{file}:{line}"
                        meth = frame.get("methodName", "<anonymous>")
                        if "className" in frame:
                            meth = f"{frame['className']}.{meth}"
                        msg = "    at %s (%s)"
                        msg = msg % (meth, file)
                        stacktrace.append(msg)
                except TypeError:
                    pass
        if exception_class == UnexpectedAlertPresentException:
            alert_text = None
            if "data" in value:
                alert_text = value["data"].get("text")
            elif "alert" in value:
                alert_text = value["alert"].get("text")
            raise exception_class(message, screen, stacktrace, alert_text)  # type: ignore[call-arg]  # mypy is not smart enough here
>       raise exception_class(message, screen, stacktrace)
E       selenium.common.exceptions.JavascriptException: Message: javascript error: Cannot read properties of undefined (reading 'call')
E         (Session info: chrome=138.0.7204.100)
E       Stacktrace:
E       #0 0x5586946b17da <unknown>
E       #1 0x5586941562e0 <unknown>
E       #2 0x55869415cf28 <unknown>
E       #3 0x55869415fa6a <unknown>
E       #4 0x5586941f475e <unknown>
E       #5 0x5586941cd8b2 <unknown>
E       #6 0x5586941f371c <unknown>
E       #7 0x5586941cd683 <unknown>
E       #8 0x558694199b5b <unknown>
E       #9 0x55869419af31 <unknown>
E       #10 0x55869467672b <unknown>
E       #11 0x55869467a534 <unknown>
E       #12 0x55869465d229 <unknown>
E       #13 0x55869467b0d8 <unknown>
E       #14 0x55869464161f <unknown>
E       #15 0x55869469edd8 <unknown>
E       #16 0x55869469efb6 <unknown>
E       #17 0x5586946b0af6 <unknown>
E       #18 0x7fad48a9caa4 <unknown>
E       #19 0x7fad48b29c3c <unknown>

/opt/hostedtoolcache/Python/3.13.5/x64/lib/python3.13/site-packages/selenium/webdriver/remote/errorhandler.py:232: JavascriptException
---------------------------- Captured stderr setup -----------------------------
2025-07-16 04:10:40,211 - INFO - Test data loaded successfully.
2025-07-16 04:10:40,212 - INFO - Starting test with Chrome browser
2025-07-16 04:10:40,212 - INFO - ====== WebDriver manager ======
2025-07-16 04:10:43,990 - INFO - Get LATEST chromedriver version for google-chrome
2025-07-16 04:10:44,026 - INFO - Get LATEST chromedriver version for google-chrome
2025-07-16 04:10:44,059 - INFO - There is no [linux64] chromedriver "138.0.7204.157" for browser google-chrome "138.0.7204" in cache
2025-07-16 04:10:44,060 - INFO - Get LATEST chromedriver version for google-chrome
2025-07-16 04:10:44,151 - INFO - WebDriver version 138.0.7204.157 selected
2025-07-16 04:10:44,155 - INFO - Modern chrome version https://storage.googleapis.com/chrome-for-testing-public/138.0.7204.157/linux64/chromedriver-linux64.zip
2025-07-16 04:10:44,155 - INFO - About to download new driver from https://storage.googleapis.com/chrome-for-testing-public/138.0.7204.157/linux64/chromedriver-linux64.zip
2025-07-16 04:10:44,201 - INFO - Driver downloading response is 200
2025-07-16 04:10:44,305 - INFO - Get LATEST chromedriver version for google-chrome
2025-07-16 04:10:44,450 - INFO - Driver has been saved in cache [/home/runner/.wdm/drivers/chromedriver/linux64/138.0.7204.157]
2025-07-16 04:10:54,626 - INFO - Navigated to URL: https://app.mochaaccounting.com/login
------------------------------ Captured log setup ------------------------------
INFO     conftest:conftest.py:79 Test data loaded successfully.
INFO     conftest:conftest.py:90 Starting test with Chrome browser
INFO     WDM:logger.py:11 ====== WebDriver manager ======
INFO     WDM:logger.py:11 Get LATEST chromedriver version for google-chrome
INFO     WDM:logger.py:11 Get LATEST chromedriver version for google-chrome
INFO     WDM:logger.py:11 There is no [linux64] chromedriver "138.0.7204.157" for browser google-chrome "138.0.7204" in cache
INFO     WDM:logger.py:11 Get LATEST chromedriver version for google-chrome
INFO     WDM:logger.py:11 WebDriver version 138.0.7204.157 selected
INFO     WDM:logger.py:11 Modern chrome version https://storage.googleapis.com/chrome-for-testing-public/138.0.7204.157/linux64/chromedriver-linux64.zip
INFO     WDM:logger.py:11 About to download new driver from https://storage.googleapis.com/chrome-for-testing-public/138.0.7204.157/linux64/chromedriver-linux64.zip
INFO     WDM:logger.py:11 Driver downloading response is 200
INFO     WDM:logger.py:11 Get LATEST chromedriver version for google-chrome
INFO     WDM:logger.py:11 Driver has been saved in cache [/home/runner/.wdm/drivers/chromedriver/linux64/138.0.7204.157]
INFO     conftest:conftest.py:118 Navigated to URL: https://app.mochaaccounting.com/login
----------------------------- Captured stderr call -----------------------------
2025-07-16 04:10:54,627 - INFO - Starting the test case for valid credentials
2025-07-16 04:10:56,280 - INFO - User enters the email-id
------------------------------ Captured log call -------------------------------
INFO     tests.test_login:test_login.py:36 Starting the test case for valid credentials
INFO     tests.test_login:test_login.py:38 User enters the email-id
--------------------------- Captured stderr teardown ---------------------------
2025-07-16 04:10:58,848 - INFO - Closing browser
---------------------------- Captured log teardown -----------------------------
INFO     conftest:conftest.py:132 Closing browser
_____________ test_valid_login[samatakamble9@gmail.com-Samata@16] ______________

setup = <selenium.webdriver.chrome.webdriver.WebDriver (session="976fb4201557823d0c00cf3124ee7eee")>
login_test_data = {'expected_password_validation': 'Password is required', 'expected_username_validation': 'Email is required.', 'expect...ect_email_verification_msg': "Please check your email address. If you don't have an account, you can create one.", ...}
username = 'samatakamble9@gmail.com', password = 'Samata@16'

    @pytest.mark.parametrize("username, password", zip(valid_username, valid_password))
    def test_valid_login(setup, login_test_data, username, password):
       # expectedmessage = login_test_data['expectederrormsg']
        driver = setup
        login_page = LoginPage(driver)
        logger.info("Starting the test case for valid credentials")
        login_page.enter_username(username)
        logger.info("User enters the email-id")
>       login_page.enter_password(password)

tests/test_login.py:39: 
_ _ _ _ _ _ _ _ _ _ _ _ _ _ _ _ _ _ _ _ _ _ _ _ _ _ _ _ _ _ _ _ _ _ _ _ _ _ _ _ 
pages/login_page.py:36: in enter_password
    self.actions.wait_for_element(self.login_password)
actions/actions.py:71: in wait_for_element
    WebDriverWait(self.driver, timeout).until(EC.visibility_of_element_located(locator))
/opt/hostedtoolcache/Python/3.13.5/x64/lib/python3.13/site-packages/selenium/webdriver/support/wait.py:137: in until
    value = method(self._driver)
/opt/hostedtoolcache/Python/3.13.5/x64/lib/python3.13/site-packages/selenium/webdriver/support/expected_conditions.py:224: in _predicate
    return _element_if_visible(driver.find_element(*locator))
/opt/hostedtoolcache/Python/3.13.5/x64/lib/python3.13/site-packages/selenium/webdriver/support/expected_conditions.py:280: in _element_if_visible
    return element if element.is_displayed() == visibility else False
/opt/hostedtoolcache/Python/3.13.5/x64/lib/python3.13/site-packages/selenium/webdriver/remote/webelement.py:340: in is_displayed
    return self.parent.execute_script(f"/* isDisplayed */return ({isDisplayed_js}).apply(null, arguments);", self)
/opt/hostedtoolcache/Python/3.13.5/x64/lib/python3.13/site-packages/selenium/webdriver/remote/webdriver.py:528: in execute_script
    return self.execute(command, {"script": script, "args": converted_args})["value"]
/opt/hostedtoolcache/Python/3.13.5/x64/lib/python3.13/site-packages/selenium/webdriver/remote/webdriver.py:429: in execute
    self.error_handler.check_response(response)
_ _ _ _ _ _ _ _ _ _ _ _ _ _ _ _ _ _ _ _ _ _ _ _ _ _ _ _ _ _ _ _ _ _ _ _ _ _ _ _ 

self = <selenium.webdriver.remote.errorhandler.ErrorHandler object at 0x7f8836f7cf50>
response = {'status': 500, 'value': '{"value":{"error":"javascript error","message":"javascript error: Cannot read properties of ...\\n#17 0x55a921520af6 \\u003Cunknown>\\n#18 0x7f154ce9caa4 \\u003Cunknown>\\n#19 0x7f154cf29c3c \\u003Cunknown>\\n"}}'}

    def check_response(self, response: Dict[str, Any]) -> None:
        """Checks that a JSON response from the WebDriver does not have an
        error.
    
        :Args:
         - response - The JSON response from the WebDriver server as a dictionary
           object.
    
        :Raises: If the response contains an error message.
        """
        status = response.get("status", None)
        if not status or status == ErrorCode.SUCCESS:
            return
        value = None
        message = response.get("message", "")
        screen: str = response.get("screen", "")
        stacktrace = None
        if isinstance(status, int):
            value_json = response.get("value", None)
            if value_json and isinstance(value_json, str):
                import json
    
                try:
                    value = json.loads(value_json)
                    if len(value) == 1:
                        value = value["value"]
                    status = value.get("error", None)
                    if not status:
                        status = value.get("status", ErrorCode.UNKNOWN_ERROR)
                        message = value.get("value") or value.get("message")
                        if not isinstance(message, str):
                            value = message
                            message = message.get("message")
                    else:
                        message = value.get("message", None)
                except ValueError:
                    pass
    
        exception_class: Type[WebDriverException]
        e = ErrorCode()
        error_codes = [item for item in dir(e) if not item.startswith("__")]
        for error_code in error_codes:
            error_info = getattr(ErrorCode, error_code)
            if isinstance(error_info, list) and status in error_info:
                exception_class = getattr(ExceptionMapping, error_code, WebDriverException)
                break
        else:
            exception_class = WebDriverException
    
        if not value:
            value = response["value"]
        if isinstance(value, str):
            raise exception_class(value)
        if message == "" and "message" in value:
            message = value["message"]
    
        screen = None  # type: ignore[assignment]
        if "screen" in value:
            screen = value["screen"]
    
        stacktrace = None
        st_value = value.get("stackTrace") or value.get("stacktrace")
        if st_value:
            if isinstance(st_value, str):
                stacktrace = st_value.split("\n")
            else:
                stacktrace = []
                try:
                    for frame in st_value:
                        line = frame.get("lineNumber", "")
                        file = frame.get("fileName", "<anonymous>")
                        if line:
                            file = f"{file}:{line}"
                        meth = frame.get("methodName", "<anonymous>")
                        if "className" in frame:
                            meth = f"{frame['className']}.{meth}"
                        msg = "    at %s (%s)"
                        msg = msg % (meth, file)
                        stacktrace.append(msg)
                except TypeError:
                    pass
        if exception_class == UnexpectedAlertPresentException:
            alert_text = None
            if "data" in value:
                alert_text = value["data"].get("text")
            elif "alert" in value:
                alert_text = value["alert"].get("text")
            raise exception_class(message, screen, stacktrace, alert_text)  # type: ignore[call-arg]  # mypy is not smart enough here
>       raise exception_class(message, screen, stacktrace)
E       selenium.common.exceptions.JavascriptException: Message: javascript error: Cannot read properties of undefined (reading 'call')
E         (Session info: chrome=138.0.7204.100)
E       Stacktrace:
E       #0 0x55a9215217da <unknown>
E       #1 0x55a920fc62e0 <unknown>
E       #2 0x55a920fccf28 <unknown>
E       #3 0x55a920fcfa6a <unknown>
E       #4 0x55a92106475e <unknown>
E       #5 0x55a92103d8b2 <unknown>
E       #6 0x55a92106371c <unknown>
E       #7 0x55a92103d683 <unknown>
E       #8 0x55a921009b5b <unknown>
E       #9 0x55a92100af31 <unknown>
E       #10 0x55a9214e672b <unknown>
E       #11 0x55a9214ea534 <unknown>
E       #12 0x55a9214cd229 <unknown>
E       #13 0x55a9214eb0d8 <unknown>
E       #14 0x55a9214b161f <unknown>
E       #15 0x55a92150edd8 <unknown>
E       #16 0x55a92150efb6 <unknown>
E       #17 0x55a921520af6 <unknown>
E       #18 0x7f154ce9caa4 <unknown>
E       #19 0x7f154cf29c3c <unknown>

/opt/hostedtoolcache/Python/3.13.5/x64/lib/python3.13/site-packages/selenium/webdriver/remote/errorhandler.py:232: JavascriptException
---------------------------- Captured stderr setup -----------------------------
2025-07-16 04:10:58,986 - INFO - Starting test with Chrome browser
2025-07-16 04:10:58,986 - INFO - ====== WebDriver manager ======
2025-07-16 04:10:59,093 - INFO - Get LATEST chromedriver version for google-chrome
2025-07-16 04:10:59,125 - INFO - Get LATEST chromedriver version for google-chrome
2025-07-16 04:10:59,198 - INFO - Driver [/home/runner/.wdm/drivers/chromedriver/linux64/138.0.7204.157/chromedriver-linux64/chromedriver] found in cache
2025-07-16 04:11:00,267 - INFO - Navigated to URL: https://app.mochaaccounting.com/login
------------------------------ Captured log setup ------------------------------
INFO     conftest:conftest.py:90 Starting test with Chrome browser
INFO     WDM:logger.py:11 ====== WebDriver manager ======
INFO     WDM:logger.py:11 Get LATEST chromedriver version for google-chrome
INFO     WDM:logger.py:11 Get LATEST chromedriver version for google-chrome
INFO     WDM:logger.py:11 Driver [/home/runner/.wdm/drivers/chromedriver/linux64/138.0.7204.157/chromedriver-linux64/chromedriver] found in cache
INFO     conftest:conftest.py:118 Navigated to URL: https://app.mochaaccounting.com/login
----------------------------- Captured stderr call -----------------------------
2025-07-16 04:11:00,268 - INFO - Starting the test case for valid credentials
2025-07-16 04:11:01,272 - INFO - User enters the email-id
------------------------------ Captured log call -------------------------------
INFO     tests.test_login:test_login.py:36 Starting the test case for valid credentials
INFO     tests.test_login:test_login.py:38 User enters the email-id
--------------------------- Captured stderr teardown ---------------------------
2025-07-16 04:11:02,180 - INFO - Closing browser
---------------------------- Captured log teardown -----------------------------
INFO     conftest:conftest.py:132 Closing browser
___________ test_valid_login[shubhamdabir07@gmail.com-Shubham@1234] ____________

setup = <selenium.webdriver.chrome.webdriver.WebDriver (session="448eb32c82701273d7e10839c65231e6")>
login_test_data = {'expected_password_validation': 'Password is required', 'expected_username_validation': 'Email is required.', 'expect...ect_email_verification_msg': "Please check your email address. If you don't have an account, you can create one.", ...}
username = 'shubhamdabir07@gmail.com', password = 'Shubham@1234'

    @pytest.mark.parametrize("username, password", zip(valid_username, valid_password))
    def test_valid_login(setup, login_test_data, username, password):
       # expectedmessage = login_test_data['expectederrormsg']
        driver = setup
        login_page = LoginPage(driver)
        logger.info("Starting the test case for valid credentials")
        login_page.enter_username(username)
        logger.info("User enters the email-id")
>       login_page.enter_password(password)

tests/test_login.py:39: 
_ _ _ _ _ _ _ _ _ _ _ _ _ _ _ _ _ _ _ _ _ _ _ _ _ _ _ _ _ _ _ _ _ _ _ _ _ _ _ _ 
pages/login_page.py:36: in enter_password
    self.actions.wait_for_element(self.login_password)
actions/actions.py:71: in wait_for_element
    WebDriverWait(self.driver, timeout).until(EC.visibility_of_element_located(locator))
/opt/hostedtoolcache/Python/3.13.5/x64/lib/python3.13/site-packages/selenium/webdriver/support/wait.py:137: in until
    value = method(self._driver)
/opt/hostedtoolcache/Python/3.13.5/x64/lib/python3.13/site-packages/selenium/webdriver/support/expected_conditions.py:224: in _predicate
    return _element_if_visible(driver.find_element(*locator))
/opt/hostedtoolcache/Python/3.13.5/x64/lib/python3.13/site-packages/selenium/webdriver/support/expected_conditions.py:280: in _element_if_visible
    return element if element.is_displayed() == visibility else False
/opt/hostedtoolcache/Python/3.13.5/x64/lib/python3.13/site-packages/selenium/webdriver/remote/webelement.py:340: in is_displayed
    return self.parent.execute_script(f"/* isDisplayed */return ({isDisplayed_js}).apply(null, arguments);", self)
/opt/hostedtoolcache/Python/3.13.5/x64/lib/python3.13/site-packages/selenium/webdriver/remote/webdriver.py:528: in execute_script
    return self.execute(command, {"script": script, "args": converted_args})["value"]
/opt/hostedtoolcache/Python/3.13.5/x64/lib/python3.13/site-packages/selenium/webdriver/remote/webdriver.py:429: in execute
    self.error_handler.check_response(response)
_ _ _ _ _ _ _ _ _ _ _ _ _ _ _ _ _ _ _ _ _ _ _ _ _ _ _ _ _ _ _ _ _ _ _ _ _ _ _ _ 

self = <selenium.webdriver.remote.errorhandler.ErrorHandler object at 0x7f8837030690>
response = {'status': 500, 'value': '{"value":{"error":"javascript error","message":"javascript error: Cannot read properties of ...\\n#17 0x55f95869baf6 \\u003Cunknown>\\n#18 0x7f45dc29caa4 \\u003Cunknown>\\n#19 0x7f45dc329c3c \\u003Cunknown>\\n"}}'}

    def check_response(self, response: Dict[str, Any]) -> None:
        """Checks that a JSON response from the WebDriver does not have an
        error.
    
        :Args:
         - response - The JSON response from the WebDriver server as a dictionary
           object.
    
        :Raises: If the response contains an error message.
        """
        status = response.get("status", None)
        if not status or status == ErrorCode.SUCCESS:
            return
        value = None
        message = response.get("message", "")
        screen: str = response.get("screen", "")
        stacktrace = None
        if isinstance(status, int):
            value_json = response.get("value", None)
            if value_json and isinstance(value_json, str):
                import json
    
                try:
                    value = json.loads(value_json)
                    if len(value) == 1:
                        value = value["value"]
                    status = value.get("error", None)
                    if not status:
                        status = value.get("status", ErrorCode.UNKNOWN_ERROR)
                        message = value.get("value") or value.get("message")
                        if not isinstance(message, str):
                            value = message
                            message = message.get("message")
                    else:
                        message = value.get("message", None)
                except ValueError:
                    pass
    
        exception_class: Type[WebDriverException]
        e = ErrorCode()
        error_codes = [item for item in dir(e) if not item.startswith("__")]
        for error_code in error_codes:
            error_info = getattr(ErrorCode, error_code)
            if isinstance(error_info, list) and status in error_info:
                exception_class = getattr(ExceptionMapping, error_code, WebDriverException)
                break
        else:
            exception_class = WebDriverException
    
        if not value:
            value = response["value"]
        if isinstance(value, str):
            raise exception_class(value)
        if message == "" and "message" in value:
            message = value["message"]
    
        screen = None  # type: ignore[assignment]
        if "screen" in value:
            screen = value["screen"]
    
        stacktrace = None
        st_value = value.get("stackTrace") or value.get("stacktrace")
        if st_value:
            if isinstance(st_value, str):
                stacktrace = st_value.split("\n")
            else:
                stacktrace = []
                try:
                    for frame in st_value:
                        line = frame.get("lineNumber", "")
                        file = frame.get("fileName", "<anonymous>")
                        if line:
                            file = f"{file}:{line}"
                        meth = frame.get("methodName", "<anonymous>")
                        if "className" in frame:
                            meth = f"{frame['className']}.{meth}"
                        msg = "    at %s (%s)"
                        msg = msg % (meth, file)
                        stacktrace.append(msg)
                except TypeError:
                    pass
        if exception_class == UnexpectedAlertPresentException:
            alert_text = None
            if "data" in value:
                alert_text = value["data"].get("text")
            elif "alert" in value:
                alert_text = value["alert"].get("text")
            raise exception_class(message, screen, stacktrace, alert_text)  # type: ignore[call-arg]  # mypy is not smart enough here
>       raise exception_class(message, screen, stacktrace)
E       selenium.common.exceptions.JavascriptException: Message: javascript error: Cannot read properties of undefined (reading 'call')
E         (Session info: chrome=138.0.7204.100)
E       Stacktrace:
E       #0 0x55f95869c7da <unknown>
E       #1 0x55f9581412e0 <unknown>
E       #2 0x55f958147f28 <unknown>
E       #3 0x55f95814aa6a <unknown>
E       #4 0x55f9581df75e <unknown>
E       #5 0x55f9581b88b2 <unknown>
E       #6 0x55f9581de71c <unknown>
E       #7 0x55f9581b8683 <unknown>
E       #8 0x55f958184b5b <unknown>
E       #9 0x55f958185f31 <unknown>
E       #10 0x55f95866172b <unknown>
E       #11 0x55f958665534 <unknown>
E       #12 0x55f958648229 <unknown>
E       #13 0x55f9586660d8 <unknown>
E       #14 0x55f95862c61f <unknown>
E       #15 0x55f958689dd8 <unknown>
E       #16 0x55f958689fb6 <unknown>
E       #17 0x55f95869baf6 <unknown>
E       #18 0x7f45dc29caa4 <unknown>
E       #19 0x7f45dc329c3c <unknown>

/opt/hostedtoolcache/Python/3.13.5/x64/lib/python3.13/site-packages/selenium/webdriver/remote/errorhandler.py:232: JavascriptException
---------------------------- Captured stderr setup -----------------------------
2025-07-16 04:11:02,263 - INFO - Starting test with Chrome browser
2025-07-16 04:11:02,263 - INFO - ====== WebDriver manager ======
2025-07-16 04:11:02,372 - INFO - Get LATEST chromedriver version for google-chrome
2025-07-16 04:11:02,405 - INFO - Get LATEST chromedriver version for google-chrome
2025-07-16 04:11:02,436 - INFO - Driver [/home/runner/.wdm/drivers/chromedriver/linux64/138.0.7204.157/chromedriver-linux64/chromedriver] found in cache
2025-07-16 04:11:04,391 - INFO - Navigated to URL: https://app.mochaaccounting.com/login
------------------------------ Captured log setup ------------------------------
INFO     conftest:conftest.py:90 Starting test with Chrome browser
INFO     WDM:logger.py:11 ====== WebDriver manager ======
INFO     WDM:logger.py:11 Get LATEST chromedriver version for google-chrome
INFO     WDM:logger.py:11 Get LATEST chromedriver version for google-chrome
INFO     WDM:logger.py:11 Driver [/home/runner/.wdm/drivers/chromedriver/linux64/138.0.7204.157/chromedriver-linux64/chromedriver] found in cache
INFO     conftest:conftest.py:118 Navigated to URL: https://app.mochaaccounting.com/login
----------------------------- Captured stderr call -----------------------------
2025-07-16 04:11:04,392 - INFO - Starting the test case for valid credentials
2025-07-16 04:11:04,594 - INFO - User enters the email-id
------------------------------ Captured log call -------------------------------
INFO     tests.test_login:test_login.py:36 Starting the test case for valid credentials
INFO     tests.test_login:test_login.py:38 User enters the email-id
--------------------------- Captured stderr teardown ---------------------------
2025-07-16 04:11:05,447 - INFO - Closing browser
---------------------------- Captured log teardown -----------------------------
INFO     conftest:conftest.py:132 Closing browser
______ test_valid_login[hrishikesh.shinde1607@gmail.com-Hrishikesh@1234] _______

setup = <selenium.webdriver.chrome.webdriver.WebDriver (session="365eeff29b8768acce7f160a95311c53")>
login_test_data = {'expected_password_validation': 'Password is required', 'expected_username_validation': 'Email is required.', 'expect...ect_email_verification_msg': "Please check your email address. If you don't have an account, you can create one.", ...}
username = 'hrishikesh.shinde1607@gmail.com', password = 'Hrishikesh@1234'

    @pytest.mark.parametrize("username, password", zip(valid_username, valid_password))
    def test_valid_login(setup, login_test_data, username, password):
       # expectedmessage = login_test_data['expectederrormsg']
        driver = setup
        login_page = LoginPage(driver)
        logger.info("Starting the test case for valid credentials")
        login_page.enter_username(username)
        logger.info("User enters the email-id")
>       login_page.enter_password(password)

tests/test_login.py:39: 
_ _ _ _ _ _ _ _ _ _ _ _ _ _ _ _ _ _ _ _ _ _ _ _ _ _ _ _ _ _ _ _ _ _ _ _ _ _ _ _ 
pages/login_page.py:36: in enter_password
    self.actions.wait_for_element(self.login_password)
actions/actions.py:71: in wait_for_element
    WebDriverWait(self.driver, timeout).until(EC.visibility_of_element_located(locator))
/opt/hostedtoolcache/Python/3.13.5/x64/lib/python3.13/site-packages/selenium/webdriver/support/wait.py:137: in until
    value = method(self._driver)
/opt/hostedtoolcache/Python/3.13.5/x64/lib/python3.13/site-packages/selenium/webdriver/support/expected_conditions.py:224: in _predicate
    return _element_if_visible(driver.find_element(*locator))
/opt/hostedtoolcache/Python/3.13.5/x64/lib/python3.13/site-packages/selenium/webdriver/support/expected_conditions.py:280: in _element_if_visible
    return element if element.is_displayed() == visibility else False
/opt/hostedtoolcache/Python/3.13.5/x64/lib/python3.13/site-packages/selenium/webdriver/remote/webelement.py:340: in is_displayed
    return self.parent.execute_script(f"/* isDisplayed */return ({isDisplayed_js}).apply(null, arguments);", self)
/opt/hostedtoolcache/Python/3.13.5/x64/lib/python3.13/site-packages/selenium/webdriver/remote/webdriver.py:528: in execute_script
    return self.execute(command, {"script": script, "args": converted_args})["value"]
/opt/hostedtoolcache/Python/3.13.5/x64/lib/python3.13/site-packages/selenium/webdriver/remote/webdriver.py:429: in execute
    self.error_handler.check_response(response)
_ _ _ _ _ _ _ _ _ _ _ _ _ _ _ _ _ _ _ _ _ _ _ _ _ _ _ _ _ _ _ _ _ _ _ _ _ _ _ _ 

self = <selenium.webdriver.remote.errorhandler.ErrorHandler object at 0x7f883704c050>
response = {'status': 500, 'value': '{"value":{"error":"javascript error","message":"javascript error: Cannot read properties of ...\\n#17 0x56364e4a4af6 \\u003Cunknown>\\n#18 0x7f8699e9caa4 \\u003Cunknown>\\n#19 0x7f8699f29c3c \\u003Cunknown>\\n"}}'}

    def check_response(self, response: Dict[str, Any]) -> None:
        """Checks that a JSON response from the WebDriver does not have an
        error.
    
        :Args:
         - response - The JSON response from the WebDriver server as a dictionary
           object.
    
        :Raises: If the response contains an error message.
        """
        status = response.get("status", None)
        if not status or status == ErrorCode.SUCCESS:
            return
        value = None
        message = response.get("message", "")
        screen: str = response.get("screen", "")
        stacktrace = None
        if isinstance(status, int):
            value_json = response.get("value", None)
            if value_json and isinstance(value_json, str):
                import json
    
                try:
                    value = json.loads(value_json)
                    if len(value) == 1:
                        value = value["value"]
                    status = value.get("error", None)
                    if not status:
                        status = value.get("status", ErrorCode.UNKNOWN_ERROR)
                        message = value.get("value") or value.get("message")
                        if not isinstance(message, str):
                            value = message
                            message = message.get("message")
                    else:
                        message = value.get("message", None)
                except ValueError:
                    pass
    
        exception_class: Type[WebDriverException]
        e = ErrorCode()
        error_codes = [item for item in dir(e) if not item.startswith("__")]
        for error_code in error_codes:
            error_info = getattr(ErrorCode, error_code)
            if isinstance(error_info, list) and status in error_info:
                exception_class = getattr(ExceptionMapping, error_code, WebDriverException)
                break
        else:
            exception_class = WebDriverException
    
        if not value:
            value = response["value"]
        if isinstance(value, str):
            raise exception_class(value)
        if message == "" and "message" in value:
            message = value["message"]
    
        screen = None  # type: ignore[assignment]
        if "screen" in value:
            screen = value["screen"]
    
        stacktrace = None
        st_value = value.get("stackTrace") or value.get("stacktrace")
        if st_value:
            if isinstance(st_value, str):
                stacktrace = st_value.split("\n")
            else:
                stacktrace = []
                try:
                    for frame in st_value:
                        line = frame.get("lineNumber", "")
                        file = frame.get("fileName", "<anonymous>")
                        if line:
                            file = f"{file}:{line}"
                        meth = frame.get("methodName", "<anonymous>")
                        if "className" in frame:
                            meth = f"{frame['className']}.{meth}"
                        msg = "    at %s (%s)"
                        msg = msg % (meth, file)
                        stacktrace.append(msg)
                except TypeError:
                    pass
        if exception_class == UnexpectedAlertPresentException:
            alert_text = None
            if "data" in value:
                alert_text = value["data"].get("text")
            elif "alert" in value:
                alert_text = value["alert"].get("text")
            raise exception_class(message, screen, stacktrace, alert_text)  # type: ignore[call-arg]  # mypy is not smart enough here
>       raise exception_class(message, screen, stacktrace)
E       selenium.common.exceptions.JavascriptException: Message: javascript error: Cannot read properties of undefined (reading 'call')
E         (Session info: chrome=138.0.7204.100)
E       Stacktrace:
E       #0 0x56364e4a57da <unknown>
E       #1 0x56364df4a2e0 <unknown>
E       #2 0x56364df50f28 <unknown>
E       #3 0x56364df53a6a <unknown>
E       #4 0x56364dfe875e <unknown>
E       #5 0x56364dfc18b2 <unknown>
E       #6 0x56364dfe771c <unknown>
E       #7 0x56364dfc1683 <unknown>
E       #8 0x56364df8db5b <unknown>
E       #9 0x56364df8ef31 <unknown>
E       #10 0x56364e46a72b <unknown>
E       #11 0x56364e46e534 <unknown>
E       #12 0x56364e451229 <unknown>
E       #13 0x56364e46f0d8 <unknown>
E       #14 0x56364e43561f <unknown>
E       #15 0x56364e492dd8 <unknown>
E       #16 0x56364e492fb6 <unknown>
E       #17 0x56364e4a4af6 <unknown>
E       #18 0x7f8699e9caa4 <unknown>
E       #19 0x7f8699f29c3c <unknown>

/opt/hostedtoolcache/Python/3.13.5/x64/lib/python3.13/site-packages/selenium/webdriver/remote/errorhandler.py:232: JavascriptException
---------------------------- Captured stderr setup -----------------------------
2025-07-16 04:11:05,530 - INFO - Starting test with Chrome browser
2025-07-16 04:11:05,530 - INFO - ====== WebDriver manager ======
2025-07-16 04:11:05,640 - INFO - Get LATEST chromedriver version for google-chrome
2025-07-16 04:11:05,673 - INFO - Get LATEST chromedriver version for google-chrome
2025-07-16 04:11:05,703 - INFO - Driver [/home/runner/.wdm/drivers/chromedriver/linux64/138.0.7204.157/chromedriver-linux64/chromedriver] found in cache
2025-07-16 04:11:07,729 - INFO - Navigated to URL: https://app.mochaaccounting.com/login
------------------------------ Captured log setup ------------------------------
INFO     conftest:conftest.py:90 Starting test with Chrome browser
INFO     WDM:logger.py:11 ====== WebDriver manager ======
INFO     WDM:logger.py:11 Get LATEST chromedriver version for google-chrome
INFO     WDM:logger.py:11 Get LATEST chromedriver version for google-chrome
INFO     WDM:logger.py:11 Driver [/home/runner/.wdm/drivers/chromedriver/linux64/138.0.7204.157/chromedriver-linux64/chromedriver] found in cache
INFO     conftest:conftest.py:118 Navigated to URL: https://app.mochaaccounting.com/login
----------------------------- Captured stderr call -----------------------------
2025-07-16 04:11:07,730 - INFO - Starting the test case for valid credentials
2025-07-16 04:11:07,999 - INFO - User enters the email-id
------------------------------ Captured log call -------------------------------
INFO     tests.test_login:test_login.py:36 Starting the test case for valid credentials
INFO     tests.test_login:test_login.py:38 User enters the email-id
--------------------------- Captured stderr teardown ---------------------------
2025-07-16 04:11:08,841 - INFO - Closing browser
---------------------------- Captured log teardown -----------------------------
INFO     conftest:conftest.py:132 Closing browser
_____________________ test_invalid_email_login[username0] ______________________

setup = <selenium.webdriver.chrome.webdriver.WebDriver (session="9a30b84dc5228c36193ba91b780983f8")>
login_test_data = {'expected_password_validation': 'Password is required', 'expected_username_validation': 'Email is required.', 'expect...ect_email_verification_msg': "Please check your email address. If you don't have an account, you can create one.", ...}
username = ('yash10@gmail.com',)

    @pytest.mark.parametrize("username", zip(invalid_username))
    def test_invalid_email_login(setup, login_test_data,username):
        driver= setup
        login_page = LoginPage(driver)
        login_page.enter_username(username)
        #login_page.enter_password(password)
>       login_page.click_loginbutton()

tests/test_login.py:53: 
_ _ _ _ _ _ _ _ _ _ _ _ _ _ _ _ _ _ _ _ _ _ _ _ _ _ _ _ _ _ _ _ _ _ _ _ _ _ _ _ 
pages/login_page.py:45: in click_loginbutton
    self.actions.click(self.login_button)
actions/actions.py:22: in click
    WebDriverWait(self.driver, 20).until(EC.element_to_be_clickable(locator)).click()
/opt/hostedtoolcache/Python/3.13.5/x64/lib/python3.13/site-packages/selenium/webdriver/support/wait.py:137: in until
    value = method(self._driver)
/opt/hostedtoolcache/Python/3.13.5/x64/lib/python3.13/site-packages/selenium/webdriver/support/expected_conditions.py:634: in _predicate
    element = visibility_of(target)(driver)
/opt/hostedtoolcache/Python/3.13.5/x64/lib/python3.13/site-packages/selenium/webdriver/support/expected_conditions.py:260: in _predicate
    return _element_if_visible(element)
/opt/hostedtoolcache/Python/3.13.5/x64/lib/python3.13/site-packages/selenium/webdriver/support/expected_conditions.py:280: in _element_if_visible
    return element if element.is_displayed() == visibility else False
/opt/hostedtoolcache/Python/3.13.5/x64/lib/python3.13/site-packages/selenium/webdriver/remote/webelement.py:340: in is_displayed
    return self.parent.execute_script(f"/* isDisplayed */return ({isDisplayed_js}).apply(null, arguments);", self)
/opt/hostedtoolcache/Python/3.13.5/x64/lib/python3.13/site-packages/selenium/webdriver/remote/webdriver.py:528: in execute_script
    return self.execute(command, {"script": script, "args": converted_args})["value"]
/opt/hostedtoolcache/Python/3.13.5/x64/lib/python3.13/site-packages/selenium/webdriver/remote/webdriver.py:429: in execute
    self.error_handler.check_response(response)
_ _ _ _ _ _ _ _ _ _ _ _ _ _ _ _ _ _ _ _ _ _ _ _ _ _ _ _ _ _ _ _ _ _ _ _ _ _ _ _ 

self = <selenium.webdriver.remote.errorhandler.ErrorHandler object at 0x7f883704cd60>
response = {'status': 500, 'value': '{"value":{"error":"javascript error","message":"javascript error: Cannot read properties of ...\\n#17 0x561d07667af6 \\u003Cunknown>\\n#18 0x7fdbe749caa4 \\u003Cunknown>\\n#19 0x7fdbe7529c3c \\u003Cunknown>\\n"}}'}

    def check_response(self, response: Dict[str, Any]) -> None:
        """Checks that a JSON response from the WebDriver does not have an
        error.
    
        :Args:
         - response - The JSON response from the WebDriver server as a dictionary
           object.
    
        :Raises: If the response contains an error message.
        """
        status = response.get("status", None)
        if not status or status == ErrorCode.SUCCESS:
            return
        value = None
        message = response.get("message", "")
        screen: str = response.get("screen", "")
        stacktrace = None
        if isinstance(status, int):
            value_json = response.get("value", None)
            if value_json and isinstance(value_json, str):
                import json
    
                try:
                    value = json.loads(value_json)
                    if len(value) == 1:
                        value = value["value"]
                    status = value.get("error", None)
                    if not status:
                        status = value.get("status", ErrorCode.UNKNOWN_ERROR)
                        message = value.get("value") or value.get("message")
                        if not isinstance(message, str):
                            value = message
                            message = message.get("message")
                    else:
                        message = value.get("message", None)
                except ValueError:
                    pass
    
        exception_class: Type[WebDriverException]
        e = ErrorCode()
        error_codes = [item for item in dir(e) if not item.startswith("__")]
        for error_code in error_codes:
            error_info = getattr(ErrorCode, error_code)
            if isinstance(error_info, list) and status in error_info:
                exception_class = getattr(ExceptionMapping, error_code, WebDriverException)
                break
        else:
            exception_class = WebDriverException
    
        if not value:
            value = response["value"]
        if isinstance(value, str):
            raise exception_class(value)
        if message == "" and "message" in value:
            message = value["message"]
    
        screen = None  # type: ignore[assignment]
        if "screen" in value:
            screen = value["screen"]
    
        stacktrace = None
        st_value = value.get("stackTrace") or value.get("stacktrace")
        if st_value:
            if isinstance(st_value, str):
                stacktrace = st_value.split("\n")
            else:
                stacktrace = []
                try:
                    for frame in st_value:
                        line = frame.get("lineNumber", "")
                        file = frame.get("fileName", "<anonymous>")
                        if line:
                            file = f"{file}:{line}"
                        meth = frame.get("methodName", "<anonymous>")
                        if "className" in frame:
                            meth = f"{frame['className']}.{meth}"
                        msg = "    at %s (%s)"
                        msg = msg % (meth, file)
                        stacktrace.append(msg)
                except TypeError:
                    pass
        if exception_class == UnexpectedAlertPresentException:
            alert_text = None
            if "data" in value:
                alert_text = value["data"].get("text")
            elif "alert" in value:
                alert_text = value["alert"].get("text")
            raise exception_class(message, screen, stacktrace, alert_text)  # type: ignore[call-arg]  # mypy is not smart enough here
>       raise exception_class(message, screen, stacktrace)
E       selenium.common.exceptions.JavascriptException: Message: javascript error: Cannot read properties of undefined (reading 'call')
E         (Session info: chrome=138.0.7204.100)
E       Stacktrace:
E       #0 0x561d076687da <unknown>
E       #1 0x561d0710d2e0 <unknown>
E       #2 0x561d07113f28 <unknown>
E       #3 0x561d07116a6a <unknown>
E       #4 0x561d071ab75e <unknown>
E       #5 0x561d071848b2 <unknown>
E       #6 0x561d071aa71c <unknown>
E       #7 0x561d07184683 <unknown>
E       #8 0x561d07150b5b <unknown>
E       #9 0x561d07151f31 <unknown>
E       #10 0x561d0762d72b <unknown>
E       #11 0x561d07631534 <unknown>
E       #12 0x561d07614229 <unknown>
E       #13 0x561d076320d8 <unknown>
E       #14 0x561d075f861f <unknown>
E       #15 0x561d07655dd8 <unknown>
E       #16 0x561d07655fb6 <unknown>
E       #17 0x561d07667af6 <unknown>
E       #18 0x7fdbe749caa4 <unknown>
E       #19 0x7fdbe7529c3c <unknown>

/opt/hostedtoolcache/Python/3.13.5/x64/lib/python3.13/site-packages/selenium/webdriver/remote/errorhandler.py:232: JavascriptException
---------------------------- Captured stderr setup -----------------------------
2025-07-16 04:11:08,930 - INFO - Starting test with Chrome browser
2025-07-16 04:11:08,930 - INFO - ====== WebDriver manager ======
2025-07-16 04:11:09,049 - INFO - Get LATEST chromedriver version for google-chrome
2025-07-16 04:11:09,081 - INFO - Get LATEST chromedriver version for google-chrome
2025-07-16 04:11:09,115 - INFO - Driver [/home/runner/.wdm/drivers/chromedriver/linux64/138.0.7204.157/chromedriver-linux64/chromedriver] found in cache
2025-07-16 04:11:11,144 - INFO - Navigated to URL: https://app.mochaaccounting.com/login
------------------------------ Captured log setup ------------------------------
INFO     conftest:conftest.py:90 Starting test with Chrome browser
INFO     WDM:logger.py:11 ====== WebDriver manager ======
INFO     WDM:logger.py:11 Get LATEST chromedriver version for google-chrome
INFO     WDM:logger.py:11 Get LATEST chromedriver version for google-chrome
INFO     WDM:logger.py:11 Driver [/home/runner/.wdm/drivers/chromedriver/linux64/138.0.7204.157/chromedriver-linux64/chromedriver] found in cache
INFO     conftest:conftest.py:118 Navigated to URL: https://app.mochaaccounting.com/login
--------------------------- Captured stderr teardown ---------------------------
2025-07-16 04:11:11,956 - INFO - Closing browser
---------------------------- Captured log teardown -----------------------------
INFO     conftest:conftest.py:132 Closing browser
_____________________ test_invalid_email_login[username1] ______________________

setup = <selenium.webdriver.chrome.webdriver.WebDriver (session="c6db360e60e7d1a2a436c58ebb2fca93")>
login_test_data = {'expected_password_validation': 'Password is required', 'expected_username_validation': 'Email is required.', 'expect...ect_email_verification_msg': "Please check your email address. If you don't have an account, you can create one.", ...}
username = ('payeryash@1gmail.com',)

    @pytest.mark.parametrize("username", zip(invalid_username))
    def test_invalid_email_login(setup, login_test_data,username):
        driver= setup
        login_page = LoginPage(driver)
        login_page.enter_username(username)
        #login_page.enter_password(password)
>       login_page.click_loginbutton()

tests/test_login.py:53: 
_ _ _ _ _ _ _ _ _ _ _ _ _ _ _ _ _ _ _ _ _ _ _ _ _ _ _ _ _ _ _ _ _ _ _ _ _ _ _ _ 
pages/login_page.py:45: in click_loginbutton
    self.actions.click(self.login_button)
actions/actions.py:22: in click
    WebDriverWait(self.driver, 20).until(EC.element_to_be_clickable(locator)).click()
/opt/hostedtoolcache/Python/3.13.5/x64/lib/python3.13/site-packages/selenium/webdriver/support/wait.py:137: in until
    value = method(self._driver)
/opt/hostedtoolcache/Python/3.13.5/x64/lib/python3.13/site-packages/selenium/webdriver/support/expected_conditions.py:634: in _predicate
    element = visibility_of(target)(driver)
/opt/hostedtoolcache/Python/3.13.5/x64/lib/python3.13/site-packages/selenium/webdriver/support/expected_conditions.py:260: in _predicate
    return _element_if_visible(element)
/opt/hostedtoolcache/Python/3.13.5/x64/lib/python3.13/site-packages/selenium/webdriver/support/expected_conditions.py:280: in _element_if_visible
    return element if element.is_displayed() == visibility else False
/opt/hostedtoolcache/Python/3.13.5/x64/lib/python3.13/site-packages/selenium/webdriver/remote/webelement.py:340: in is_displayed
    return self.parent.execute_script(f"/* isDisplayed */return ({isDisplayed_js}).apply(null, arguments);", self)
/opt/hostedtoolcache/Python/3.13.5/x64/lib/python3.13/site-packages/selenium/webdriver/remote/webdriver.py:528: in execute_script
    return self.execute(command, {"script": script, "args": converted_args})["value"]
/opt/hostedtoolcache/Python/3.13.5/x64/lib/python3.13/site-packages/selenium/webdriver/remote/webdriver.py:429: in execute
    self.error_handler.check_response(response)
_ _ _ _ _ _ _ _ _ _ _ _ _ _ _ _ _ _ _ _ _ _ _ _ _ _ _ _ _ _ _ _ _ _ _ _ _ _ _ _ 

self = <selenium.webdriver.remote.errorhandler.ErrorHandler object at 0x7f8836fae450>
response = {'status': 500, 'value': '{"value":{"error":"javascript error","message":"javascript error: Cannot read properties of ...\\n#17 0x5613c8005af6 \\u003Cunknown>\\n#18 0x7f9ee449caa4 \\u003Cunknown>\\n#19 0x7f9ee4529c3c \\u003Cunknown>\\n"}}'}

    def check_response(self, response: Dict[str, Any]) -> None:
        """Checks that a JSON response from the WebDriver does not have an
        error.
    
        :Args:
         - response - The JSON response from the WebDriver server as a dictionary
           object.
    
        :Raises: If the response contains an error message.
        """
        status = response.get("status", None)
        if not status or status == ErrorCode.SUCCESS:
            return
        value = None
        message = response.get("message", "")
        screen: str = response.get("screen", "")
        stacktrace = None
        if isinstance(status, int):
            value_json = response.get("value", None)
            if value_json and isinstance(value_json, str):
                import json
    
                try:
                    value = json.loads(value_json)
                    if len(value) == 1:
                        value = value["value"]
                    status = value.get("error", None)
                    if not status:
                        status = value.get("status", ErrorCode.UNKNOWN_ERROR)
                        message = value.get("value") or value.get("message")
                        if not isinstance(message, str):
                            value = message
                            message = message.get("message")
                    else:
                        message = value.get("message", None)
                except ValueError:
                    pass
    
        exception_class: Type[WebDriverException]
        e = ErrorCode()
        error_codes = [item for item in dir(e) if not item.startswith("__")]
        for error_code in error_codes:
            error_info = getattr(ErrorCode, error_code)
            if isinstance(error_info, list) and status in error_info:
                exception_class = getattr(ExceptionMapping, error_code, WebDriverException)
                break
        else:
            exception_class = WebDriverException
    
        if not value:
            value = response["value"]
        if isinstance(value, str):
            raise exception_class(value)
        if message == "" and "message" in value:
            message = value["message"]
    
        screen = None  # type: ignore[assignment]
        if "screen" in value:
            screen = value["screen"]
    
        stacktrace = None
        st_value = value.get("stackTrace") or value.get("stacktrace")
        if st_value:
            if isinstance(st_value, str):
                stacktrace = st_value.split("\n")
            else:
                stacktrace = []
                try:
                    for frame in st_value:
                        line = frame.get("lineNumber", "")
                        file = frame.get("fileName", "<anonymous>")
                        if line:
                            file = f"{file}:{line}"
                        meth = frame.get("methodName", "<anonymous>")
                        if "className" in frame:
                            meth = f"{frame['className']}.{meth}"
                        msg = "    at %s (%s)"
                        msg = msg % (meth, file)
                        stacktrace.append(msg)
                except TypeError:
                    pass
        if exception_class == UnexpectedAlertPresentException:
            alert_text = None
            if "data" in value:
                alert_text = value["data"].get("text")
            elif "alert" in value:
                alert_text = value["alert"].get("text")
            raise exception_class(message, screen, stacktrace, alert_text)  # type: ignore[call-arg]  # mypy is not smart enough here
>       raise exception_class(message, screen, stacktrace)
E       selenium.common.exceptions.JavascriptException: Message: javascript error: Cannot read properties of undefined (reading 'call')
E         (Session info: chrome=138.0.7204.100)
E       Stacktrace:
E       #0 0x5613c80067da <unknown>
E       #1 0x5613c7aab2e0 <unknown>
E       #2 0x5613c7ab1f28 <unknown>
E       #3 0x5613c7ab4a6a <unknown>
E       #4 0x5613c7b4975e <unknown>
E       #5 0x5613c7b228b2 <unknown>
E       #6 0x5613c7b4871c <unknown>
E       #7 0x5613c7b22683 <unknown>
E       #8 0x5613c7aeeb5b <unknown>
E       #9 0x5613c7aeff31 <unknown>
E       #10 0x5613c7fcb72b <unknown>
E       #11 0x5613c7fcf534 <unknown>
E       #12 0x5613c7fb2229 <unknown>
E       #13 0x5613c7fd00d8 <unknown>
E       #14 0x5613c7f9661f <unknown>
E       #15 0x5613c7ff3dd8 <unknown>
E       #16 0x5613c7ff3fb6 <unknown>
E       #17 0x5613c8005af6 <unknown>
E       #18 0x7f9ee449caa4 <unknown>
E       #19 0x7f9ee4529c3c <unknown>

/opt/hostedtoolcache/Python/3.13.5/x64/lib/python3.13/site-packages/selenium/webdriver/remote/errorhandler.py:232: JavascriptException
---------------------------- Captured stderr setup -----------------------------
2025-07-16 04:11:12,055 - INFO - Starting test with Chrome browser
2025-07-16 04:11:12,055 - INFO - ====== WebDriver manager ======
2025-07-16 04:11:12,165 - INFO - Get LATEST chromedriver version for google-chrome
2025-07-16 04:11:12,197 - INFO - Get LATEST chromedriver version for google-chrome
2025-07-16 04:11:12,227 - INFO - Driver [/home/runner/.wdm/drivers/chromedriver/linux64/138.0.7204.157/chromedriver-linux64/chromedriver] found in cache
2025-07-16 04:11:14,396 - INFO - Navigated to URL: https://app.mochaaccounting.com/login
------------------------------ Captured log setup ------------------------------
INFO     conftest:conftest.py:90 Starting test with Chrome browser
INFO     WDM:logger.py:11 ====== WebDriver manager ======
INFO     WDM:logger.py:11 Get LATEST chromedriver version for google-chrome
INFO     WDM:logger.py:11 Get LATEST chromedriver version for google-chrome
INFO     WDM:logger.py:11 Driver [/home/runner/.wdm/drivers/chromedriver/linux64/138.0.7204.157/chromedriver-linux64/chromedriver] found in cache
INFO     conftest:conftest.py:118 Navigated to URL: https://app.mochaaccounting.com/login
--------------------------- Captured stderr teardown ---------------------------
2025-07-16 04:11:14,881 - INFO - Closing browser
---------------------------- Captured log teardown -----------------------------
INFO     conftest:conftest.py:132 Closing browser
_____________________ test_invalid_email_login[username2] ______________________

setup = <selenium.webdriver.chrome.webdriver.WebDriver (session="8f4773afeed646fdbe3a49b0b0de9d59")>
login_test_data = {'expected_password_validation': 'Password is required', 'expected_username_validation': 'Email is required.', 'expect...ect_email_verification_msg': "Please check your email address. If you don't have an account, you can create one.", ...}
username = ('payerash10@gmail.com',)

    @pytest.mark.parametrize("username", zip(invalid_username))
    def test_invalid_email_login(setup, login_test_data,username):
        driver= setup
        login_page = LoginPage(driver)
        login_page.enter_username(username)
        #login_page.enter_password(password)
>       login_page.click_loginbutton()

tests/test_login.py:53: 
_ _ _ _ _ _ _ _ _ _ _ _ _ _ _ _ _ _ _ _ _ _ _ _ _ _ _ _ _ _ _ _ _ _ _ _ _ _ _ _ 
pages/login_page.py:45: in click_loginbutton
    self.actions.click(self.login_button)
actions/actions.py:22: in click
    WebDriverWait(self.driver, 20).until(EC.element_to_be_clickable(locator)).click()
/opt/hostedtoolcache/Python/3.13.5/x64/lib/python3.13/site-packages/selenium/webdriver/support/wait.py:137: in until
    value = method(self._driver)
/opt/hostedtoolcache/Python/3.13.5/x64/lib/python3.13/site-packages/selenium/webdriver/support/expected_conditions.py:634: in _predicate
    element = visibility_of(target)(driver)
/opt/hostedtoolcache/Python/3.13.5/x64/lib/python3.13/site-packages/selenium/webdriver/support/expected_conditions.py:260: in _predicate
    return _element_if_visible(element)
/opt/hostedtoolcache/Python/3.13.5/x64/lib/python3.13/site-packages/selenium/webdriver/support/expected_conditions.py:280: in _element_if_visible
    return element if element.is_displayed() == visibility else False
/opt/hostedtoolcache/Python/3.13.5/x64/lib/python3.13/site-packages/selenium/webdriver/remote/webelement.py:340: in is_displayed
    return self.parent.execute_script(f"/* isDisplayed */return ({isDisplayed_js}).apply(null, arguments);", self)
/opt/hostedtoolcache/Python/3.13.5/x64/lib/python3.13/site-packages/selenium/webdriver/remote/webdriver.py:528: in execute_script
    return self.execute(command, {"script": script, "args": converted_args})["value"]
/opt/hostedtoolcache/Python/3.13.5/x64/lib/python3.13/site-packages/selenium/webdriver/remote/webdriver.py:429: in execute
    self.error_handler.check_response(response)
_ _ _ _ _ _ _ _ _ _ _ _ _ _ _ _ _ _ _ _ _ _ _ _ _ _ _ _ _ _ _ _ _ _ _ _ _ _ _ _ 

self = <selenium.webdriver.remote.errorhandler.ErrorHandler object at 0x7f88376d5370>
response = {'status': 500, 'value': '{"value":{"error":"javascript error","message":"javascript error: Cannot read properties of ...\\n#17 0x5620c31f2af6 \\u003Cunknown>\\n#18 0x7efcf6e9caa4 \\u003Cunknown>\\n#19 0x7efcf6f29c3c \\u003Cunknown>\\n"}}'}

    def check_response(self, response: Dict[str, Any]) -> None:
        """Checks that a JSON response from the WebDriver does not have an
        error.
    
        :Args:
         - response - The JSON response from the WebDriver server as a dictionary
           object.
    
        :Raises: If the response contains an error message.
        """
        status = response.get("status", None)
        if not status or status == ErrorCode.SUCCESS:
            return
        value = None
        message = response.get("message", "")
        screen: str = response.get("screen", "")
        stacktrace = None
        if isinstance(status, int):
            value_json = response.get("value", None)
            if value_json and isinstance(value_json, str):
                import json
    
                try:
                    value = json.loads(value_json)
                    if len(value) == 1:
                        value = value["value"]
                    status = value.get("error", None)
                    if not status:
                        status = value.get("status", ErrorCode.UNKNOWN_ERROR)
                        message = value.get("value") or value.get("message")
                        if not isinstance(message, str):
                            value = message
                            message = message.get("message")
                    else:
                        message = value.get("message", None)
                except ValueError:
                    pass
    
        exception_class: Type[WebDriverException]
        e = ErrorCode()
        error_codes = [item for item in dir(e) if not item.startswith("__")]
        for error_code in error_codes:
            error_info = getattr(ErrorCode, error_code)
            if isinstance(error_info, list) and status in error_info:
                exception_class = getattr(ExceptionMapping, error_code, WebDriverException)
                break
        else:
            exception_class = WebDriverException
    
        if not value:
            value = response["value"]
        if isinstance(value, str):
            raise exception_class(value)
        if message == "" and "message" in value:
            message = value["message"]
    
        screen = None  # type: ignore[assignment]
        if "screen" in value:
            screen = value["screen"]
    
        stacktrace = None
        st_value = value.get("stackTrace") or value.get("stacktrace")
        if st_value:
            if isinstance(st_value, str):
                stacktrace = st_value.split("\n")
            else:
                stacktrace = []
                try:
                    for frame in st_value:
                        line = frame.get("lineNumber", "")
                        file = frame.get("fileName", "<anonymous>")
                        if line:
                            file = f"{file}:{line}"
                        meth = frame.get("methodName", "<anonymous>")
                        if "className" in frame:
                            meth = f"{frame['className']}.{meth}"
                        msg = "    at %s (%s)"
                        msg = msg % (meth, file)
                        stacktrace.append(msg)
                except TypeError:
                    pass
        if exception_class == UnexpectedAlertPresentException:
            alert_text = None
            if "data" in value:
                alert_text = value["data"].get("text")
            elif "alert" in value:
                alert_text = value["alert"].get("text")
            raise exception_class(message, screen, stacktrace, alert_text)  # type: ignore[call-arg]  # mypy is not smart enough here
>       raise exception_class(message, screen, stacktrace)
E       selenium.common.exceptions.JavascriptException: Message: javascript error: Cannot read properties of undefined (reading 'call')
E         (Session info: chrome=138.0.7204.100)
E       Stacktrace:
E       #0 0x5620c31f37da <unknown>
E       #1 0x5620c2c982e0 <unknown>
E       #2 0x5620c2c9ef28 <unknown>
E       #3 0x5620c2ca1a6a <unknown>
E       #4 0x5620c2d3675e <unknown>
E       #5 0x5620c2d0f8b2 <unknown>
E       #6 0x5620c2d3571c <unknown>
E       #7 0x5620c2d0f683 <unknown>
E       #8 0x5620c2cdbb5b <unknown>
E       #9 0x5620c2cdcf31 <unknown>
E       #10 0x5620c31b872b <unknown>
E       #11 0x5620c31bc534 <unknown>
E       #12 0x5620c319f229 <unknown>
E       #13 0x5620c31bd0d8 <unknown>
E       #14 0x5620c318361f <unknown>
E       #15 0x5620c31e0dd8 <unknown>
E       #16 0x5620c31e0fb6 <unknown>
E       #17 0x5620c31f2af6 <unknown>
E       #18 0x7efcf6e9caa4 <unknown>
E       #19 0x7efcf6f29c3c <unknown>

/opt/hostedtoolcache/Python/3.13.5/x64/lib/python3.13/site-packages/selenium/webdriver/remote/errorhandler.py:232: JavascriptException
---------------------------- Captured stderr setup -----------------------------
2025-07-16 04:11:14,982 - INFO - Starting test with Chrome browser
2025-07-16 04:11:14,982 - INFO - ====== WebDriver manager ======
2025-07-16 04:11:15,091 - INFO - Get LATEST chromedriver version for google-chrome
2025-07-16 04:11:15,122 - INFO - Get LATEST chromedriver version for google-chrome
2025-07-16 04:11:15,154 - INFO - Driver [/home/runner/.wdm/drivers/chromedriver/linux64/138.0.7204.157/chromedriver-linux64/chromedriver] found in cache
2025-07-16 04:11:17,201 - INFO - Navigated to URL: https://app.mochaaccounting.com/login
------------------------------ Captured log setup ------------------------------
INFO     conftest:conftest.py:90 Starting test with Chrome browser
INFO     WDM:logger.py:11 ====== WebDriver manager ======
INFO     WDM:logger.py:11 Get LATEST chromedriver version for google-chrome
INFO     WDM:logger.py:11 Get LATEST chromedriver version for google-chrome
INFO     WDM:logger.py:11 Driver [/home/runner/.wdm/drivers/chromedriver/linux64/138.0.7204.157/chromedriver-linux64/chromedriver] found in cache
INFO     conftest:conftest.py:118 Navigated to URL: https://app.mochaaccounting.com/login
--------------------------- Captured stderr teardown ---------------------------
2025-07-16 04:11:18,030 - INFO - Closing browser
---------------------------- Captured log teardown -----------------------------
INFO     conftest:conftest.py:132 Closing browser
_____________________ test_invalid_email_login[username3] ______________________

setup = <selenium.webdriver.chrome.webdriver.WebDriver (session="948434fafa5904ea78af37261580d656")>
login_test_data = {'expected_password_validation': 'Password is required', 'expected_username_validation': 'Email is required.', 'expect...ect_email_verification_msg': "Please check your email address. If you don't have an account, you can create one.", ...}
username = ('payer@gmail.com',)

    @pytest.mark.parametrize("username", zip(invalid_username))
    def test_invalid_email_login(setup, login_test_data,username):
        driver= setup
        login_page = LoginPage(driver)
        login_page.enter_username(username)
        #login_page.enter_password(password)
>       login_page.click_loginbutton()

tests/test_login.py:53: 
_ _ _ _ _ _ _ _ _ _ _ _ _ _ _ _ _ _ _ _ _ _ _ _ _ _ _ _ _ _ _ _ _ _ _ _ _ _ _ _ 
pages/login_page.py:45: in click_loginbutton
    self.actions.click(self.login_button)
actions/actions.py:22: in click
    WebDriverWait(self.driver, 20).until(EC.element_to_be_clickable(locator)).click()
/opt/hostedtoolcache/Python/3.13.5/x64/lib/python3.13/site-packages/selenium/webdriver/support/wait.py:137: in until
    value = method(self._driver)
/opt/hostedtoolcache/Python/3.13.5/x64/lib/python3.13/site-packages/selenium/webdriver/support/expected_conditions.py:634: in _predicate
    element = visibility_of(target)(driver)
/opt/hostedtoolcache/Python/3.13.5/x64/lib/python3.13/site-packages/selenium/webdriver/support/expected_conditions.py:260: in _predicate
    return _element_if_visible(element)
/opt/hostedtoolcache/Python/3.13.5/x64/lib/python3.13/site-packages/selenium/webdriver/support/expected_conditions.py:280: in _element_if_visible
    return element if element.is_displayed() == visibility else False
/opt/hostedtoolcache/Python/3.13.5/x64/lib/python3.13/site-packages/selenium/webdriver/remote/webelement.py:340: in is_displayed
    return self.parent.execute_script(f"/* isDisplayed */return ({isDisplayed_js}).apply(null, arguments);", self)
/opt/hostedtoolcache/Python/3.13.5/x64/lib/python3.13/site-packages/selenium/webdriver/remote/webdriver.py:528: in execute_script
    return self.execute(command, {"script": script, "args": converted_args})["value"]
/opt/hostedtoolcache/Python/3.13.5/x64/lib/python3.13/site-packages/selenium/webdriver/remote/webdriver.py:429: in execute
    self.error_handler.check_response(response)
_ _ _ _ _ _ _ _ _ _ _ _ _ _ _ _ _ _ _ _ _ _ _ _ _ _ _ _ _ _ _ _ _ _ _ _ _ _ _ _ 

self = <selenium.webdriver.remote.errorhandler.ErrorHandler object at 0x7f88376d6250>
response = {'status': 500, 'value': '{"value":{"error":"javascript error","message":"javascript error: Cannot read properties of ...\\n#17 0x565005405af6 \\u003Cunknown>\\n#18 0x7f569389caa4 \\u003Cunknown>\\n#19 0x7f5693929c3c \\u003Cunknown>\\n"}}'}

    def check_response(self, response: Dict[str, Any]) -> None:
        """Checks that a JSON response from the WebDriver does not have an
        error.
    
        :Args:
         - response - The JSON response from the WebDriver server as a dictionary
           object.
    
        :Raises: If the response contains an error message.
        """
        status = response.get("status", None)
        if not status or status == ErrorCode.SUCCESS:
            return
        value = None
        message = response.get("message", "")
        screen: str = response.get("screen", "")
        stacktrace = None
        if isinstance(status, int):
            value_json = response.get("value", None)
            if value_json and isinstance(value_json, str):
                import json
    
                try:
                    value = json.loads(value_json)
                    if len(value) == 1:
                        value = value["value"]
                    status = value.get("error", None)
                    if not status:
                        status = value.get("status", ErrorCode.UNKNOWN_ERROR)
                        message = value.get("value") or value.get("message")
                        if not isinstance(message, str):
                            value = message
                            message = message.get("message")
                    else:
                        message = value.get("message", None)
                except ValueError:
                    pass
    
        exception_class: Type[WebDriverException]
        e = ErrorCode()
        error_codes = [item for item in dir(e) if not item.startswith("__")]
        for error_code in error_codes:
            error_info = getattr(ErrorCode, error_code)
            if isinstance(error_info, list) and status in error_info:
                exception_class = getattr(ExceptionMapping, error_code, WebDriverException)
                break
        else:
            exception_class = WebDriverException
    
        if not value:
            value = response["value"]
        if isinstance(value, str):
            raise exception_class(value)
        if message == "" and "message" in value:
            message = value["message"]
    
        screen = None  # type: ignore[assignment]
        if "screen" in value:
            screen = value["screen"]
    
        stacktrace = None
        st_value = value.get("stackTrace") or value.get("stacktrace")
        if st_value:
            if isinstance(st_value, str):
                stacktrace = st_value.split("\n")
            else:
                stacktrace = []
                try:
                    for frame in st_value:
                        line = frame.get("lineNumber", "")
                        file = frame.get("fileName", "<anonymous>")
                        if line:
                            file = f"{file}:{line}"
                        meth = frame.get("methodName", "<anonymous>")
                        if "className" in frame:
                            meth = f"{frame['className']}.{meth}"
                        msg = "    at %s (%s)"
                        msg = msg % (meth, file)
                        stacktrace.append(msg)
                except TypeError:
                    pass
        if exception_class == UnexpectedAlertPresentException:
            alert_text = None
            if "data" in value:
                alert_text = value["data"].get("text")
            elif "alert" in value:
                alert_text = value["alert"].get("text")
            raise exception_class(message, screen, stacktrace, alert_text)  # type: ignore[call-arg]  # mypy is not smart enough here
>       raise exception_class(message, screen, stacktrace)
E       selenium.common.exceptions.JavascriptException: Message: javascript error: Cannot read properties of undefined (reading 'call')
E         (Session info: chrome=138.0.7204.100)
E       Stacktrace:
E       #0 0x5650054067da <unknown>
E       #1 0x565004eab2e0 <unknown>
E       #2 0x565004eb1f28 <unknown>
E       #3 0x565004eb4a6a <unknown>
E       #4 0x565004f4975e <unknown>
E       #5 0x565004f228b2 <unknown>
E       #6 0x565004f4871c <unknown>
E       #7 0x565004f22683 <unknown>
E       #8 0x565004eeeb5b <unknown>
E       #9 0x565004eeff31 <unknown>
E       #10 0x5650053cb72b <unknown>
E       #11 0x5650053cf534 <unknown>
E       #12 0x5650053b2229 <unknown>
E       #13 0x5650053d00d8 <unknown>
E       #14 0x56500539661f <unknown>
E       #15 0x5650053f3dd8 <unknown>
E       #16 0x5650053f3fb6 <unknown>
E       #17 0x565005405af6 <unknown>
E       #18 0x7f569389caa4 <unknown>
E       #19 0x7f5693929c3c <unknown>

/opt/hostedtoolcache/Python/3.13.5/x64/lib/python3.13/site-packages/selenium/webdriver/remote/errorhandler.py:232: JavascriptException
---------------------------- Captured stderr setup -----------------------------
2025-07-16 04:11:18,129 - INFO - Starting test with Chrome browser
2025-07-16 04:11:18,129 - INFO - ====== WebDriver manager ======
2025-07-16 04:11:18,239 - INFO - Get LATEST chromedriver version for google-chrome
2025-07-16 04:11:18,273 - INFO - Get LATEST chromedriver version for google-chrome
2025-07-16 04:11:18,307 - INFO - Driver [/home/runner/.wdm/drivers/chromedriver/linux64/138.0.7204.157/chromedriver-linux64/chromedriver] found in cache
2025-07-16 04:11:20,468 - INFO - Navigated to URL: https://app.mochaaccounting.com/login
------------------------------ Captured log setup ------------------------------
INFO     conftest:conftest.py:90 Starting test with Chrome browser
INFO     WDM:logger.py:11 ====== WebDriver manager ======
INFO     WDM:logger.py:11 Get LATEST chromedriver version for google-chrome
INFO     WDM:logger.py:11 Get LATEST chromedriver version for google-chrome
INFO     WDM:logger.py:11 Driver [/home/runner/.wdm/drivers/chromedriver/linux64/138.0.7204.157/chromedriver-linux64/chromedriver] found in cache
INFO     conftest:conftest.py:118 Navigated to URL: https://app.mochaaccounting.com/login
--------------------------- Captured stderr teardown ---------------------------
2025-07-16 04:11:21,271 - INFO - Closing browser
---------------------------- Captured log teardown -----------------------------
INFO     conftest:conftest.py:132 Closing browser
_ test_invalid_password_login[ranjeet.gupta@mochatechnologies.com-Password@123] _

setup = <selenium.webdriver.chrome.webdriver.WebDriver (session="3d38fb5a692d256d4e8ac2c4d1348a69")>
login_test_data = {'expected_password_validation': 'Password is required', 'expected_username_validation': 'Email is required.', 'expect...ect_email_verification_msg': "Please check your email address. If you don't have an account, you can create one.", ...}
username = 'ranjeet.gupta@mochatechnologies.com', password = 'Password@123'

    @pytest.mark.parametrize("username, password", zip(valid_username, invalid_password))
    def test_invalid_password_login(setup, login_test_data,username, password ):
        driver = setup
        login_page = LoginPage(driver)
        login_page.enter_username(username)
>       login_page.enter_password(password)

tests/test_login.py:61: 
_ _ _ _ _ _ _ _ _ _ _ _ _ _ _ _ _ _ _ _ _ _ _ _ _ _ _ _ _ _ _ _ _ _ _ _ _ _ _ _ 
pages/login_page.py:36: in enter_password
    self.actions.wait_for_element(self.login_password)
actions/actions.py:71: in wait_for_element
    WebDriverWait(self.driver, timeout).until(EC.visibility_of_element_located(locator))
/opt/hostedtoolcache/Python/3.13.5/x64/lib/python3.13/site-packages/selenium/webdriver/support/wait.py:137: in until
    value = method(self._driver)
/opt/hostedtoolcache/Python/3.13.5/x64/lib/python3.13/site-packages/selenium/webdriver/support/expected_conditions.py:224: in _predicate
    return _element_if_visible(driver.find_element(*locator))
/opt/hostedtoolcache/Python/3.13.5/x64/lib/python3.13/site-packages/selenium/webdriver/support/expected_conditions.py:280: in _element_if_visible
    return element if element.is_displayed() == visibility else False
/opt/hostedtoolcache/Python/3.13.5/x64/lib/python3.13/site-packages/selenium/webdriver/remote/webelement.py:340: in is_displayed
    return self.parent.execute_script(f"/* isDisplayed */return ({isDisplayed_js}).apply(null, arguments);", self)
/opt/hostedtoolcache/Python/3.13.5/x64/lib/python3.13/site-packages/selenium/webdriver/remote/webdriver.py:528: in execute_script
    return self.execute(command, {"script": script, "args": converted_args})["value"]
/opt/hostedtoolcache/Python/3.13.5/x64/lib/python3.13/site-packages/selenium/webdriver/remote/webdriver.py:429: in execute
    self.error_handler.check_response(response)
_ _ _ _ _ _ _ _ _ _ _ _ _ _ _ _ _ _ _ _ _ _ _ _ _ _ _ _ _ _ _ _ _ _ _ _ _ _ _ _ 

self = <selenium.webdriver.remote.errorhandler.ErrorHandler object at 0x7f8837041450>
response = {'status': 500, 'value': '{"value":{"error":"javascript error","message":"javascript error: Cannot read properties of ...\\n#17 0x556239b9daf6 \\u003Cunknown>\\n#18 0x7fb35e69caa4 \\u003Cunknown>\\n#19 0x7fb35e729c3c \\u003Cunknown>\\n"}}'}

    def check_response(self, response: Dict[str, Any]) -> None:
        """Checks that a JSON response from the WebDriver does not have an
        error.
    
        :Args:
         - response - The JSON response from the WebDriver server as a dictionary
           object.
    
        :Raises: If the response contains an error message.
        """
        status = response.get("status", None)
        if not status or status == ErrorCode.SUCCESS:
            return
        value = None
        message = response.get("message", "")
        screen: str = response.get("screen", "")
        stacktrace = None
        if isinstance(status, int):
            value_json = response.get("value", None)
            if value_json and isinstance(value_json, str):
                import json
    
                try:
                    value = json.loads(value_json)
                    if len(value) == 1:
                        value = value["value"]
                    status = value.get("error", None)
                    if not status:
                        status = value.get("status", ErrorCode.UNKNOWN_ERROR)
                        message = value.get("value") or value.get("message")
                        if not isinstance(message, str):
                            value = message
                            message = message.get("message")
                    else:
                        message = value.get("message", None)
                except ValueError:
                    pass
    
        exception_class: Type[WebDriverException]
        e = ErrorCode()
        error_codes = [item for item in dir(e) if not item.startswith("__")]
        for error_code in error_codes:
            error_info = getattr(ErrorCode, error_code)
            if isinstance(error_info, list) and status in error_info:
                exception_class = getattr(ExceptionMapping, error_code, WebDriverException)
                break
        else:
            exception_class = WebDriverException
    
        if not value:
            value = response["value"]
        if isinstance(value, str):
            raise exception_class(value)
        if message == "" and "message" in value:
            message = value["message"]
    
        screen = None  # type: ignore[assignment]
        if "screen" in value:
            screen = value["screen"]
    
        stacktrace = None
        st_value = value.get("stackTrace") or value.get("stacktrace")
        if st_value:
            if isinstance(st_value, str):
                stacktrace = st_value.split("\n")
            else:
                stacktrace = []
                try:
                    for frame in st_value:
                        line = frame.get("lineNumber", "")
                        file = frame.get("fileName", "<anonymous>")
                        if line:
                            file = f"{file}:{line}"
                        meth = frame.get("methodName", "<anonymous>")
                        if "className" in frame:
                            meth = f"{frame['className']}.{meth}"
                        msg = "    at %s (%s)"
                        msg = msg % (meth, file)
                        stacktrace.append(msg)
                except TypeError:
                    pass
        if exception_class == UnexpectedAlertPresentException:
            alert_text = None
            if "data" in value:
                alert_text = value["data"].get("text")
            elif "alert" in value:
                alert_text = value["alert"].get("text")
            raise exception_class(message, screen, stacktrace, alert_text)  # type: ignore[call-arg]  # mypy is not smart enough here
>       raise exception_class(message, screen, stacktrace)
E       selenium.common.exceptions.JavascriptException: Message: javascript error: Cannot read properties of undefined (reading 'call')
E         (Session info: chrome=138.0.7204.100)
E       Stacktrace:
E       #0 0x556239b9e7da <unknown>
E       #1 0x5562396432e0 <unknown>
E       #2 0x556239649f28 <unknown>
E       #3 0x55623964ca6a <unknown>
E       #4 0x5562396e175e <unknown>
E       #5 0x5562396ba8b2 <unknown>
E       #6 0x5562396e071c <unknown>
E       #7 0x5562396ba683 <unknown>
E       #8 0x556239686b5b <unknown>
E       #9 0x556239687f31 <unknown>
E       #10 0x556239b6372b <unknown>
E       #11 0x556239b67534 <unknown>
E       #12 0x556239b4a229 <unknown>
E       #13 0x556239b680d8 <unknown>
E       #14 0x556239b2e61f <unknown>
E       #15 0x556239b8bdd8 <unknown>
E       #16 0x556239b8bfb6 <unknown>
E       #17 0x556239b9daf6 <unknown>
E       #18 0x7fb35e69caa4 <unknown>
E       #19 0x7fb35e729c3c <unknown>

/opt/hostedtoolcache/Python/3.13.5/x64/lib/python3.13/site-packages/selenium/webdriver/remote/errorhandler.py:232: JavascriptException
---------------------------- Captured stderr setup -----------------------------
2025-07-16 04:11:21,354 - INFO - Starting test with Chrome browser
2025-07-16 04:11:21,354 - INFO - ====== WebDriver manager ======
2025-07-16 04:11:21,462 - INFO - Get LATEST chromedriver version for google-chrome
2025-07-16 04:11:21,495 - INFO - Get LATEST chromedriver version for google-chrome
2025-07-16 04:11:21,527 - INFO - Driver [/home/runner/.wdm/drivers/chromedriver/linux64/138.0.7204.157/chromedriver-linux64/chromedriver] found in cache
2025-07-16 04:11:23,630 - INFO - Navigated to URL: https://app.mochaaccounting.com/login
------------------------------ Captured log setup ------------------------------
INFO     conftest:conftest.py:90 Starting test with Chrome browser
INFO     WDM:logger.py:11 ====== WebDriver manager ======
INFO     WDM:logger.py:11 Get LATEST chromedriver version for google-chrome
INFO     WDM:logger.py:11 Get LATEST chromedriver version for google-chrome
INFO     WDM:logger.py:11 Driver [/home/runner/.wdm/drivers/chromedriver/linux64/138.0.7204.157/chromedriver-linux64/chromedriver] found in cache
INFO     conftest:conftest.py:118 Navigated to URL: https://app.mochaaccounting.com/login
--------------------------- Captured stderr teardown ---------------------------
2025-07-16 04:11:24,756 - INFO - Closing browser
---------------------------- Captured log teardown -----------------------------
INFO     conftest:conftest.py:132 Closing browser
_______ test_invalid_password_login[samatakamble9@gmail.com-Password@12] _______

setup = <selenium.webdriver.chrome.webdriver.WebDriver (session="5ccfa7cbe9a2def84174dd5676cef5e7")>
login_test_data = {'expected_password_validation': 'Password is required', 'expected_username_validation': 'Email is required.', 'expect...ect_email_verification_msg': "Please check your email address. If you don't have an account, you can create one.", ...}
username = 'samatakamble9@gmail.com', password = 'Password@12'

    @pytest.mark.parametrize("username, password", zip(valid_username, invalid_password))
    def test_invalid_password_login(setup, login_test_data,username, password ):
        driver = setup
        login_page = LoginPage(driver)
        login_page.enter_username(username)
>       login_page.enter_password(password)

tests/test_login.py:61: 
_ _ _ _ _ _ _ _ _ _ _ _ _ _ _ _ _ _ _ _ _ _ _ _ _ _ _ _ _ _ _ _ _ _ _ _ _ _ _ _ 
pages/login_page.py:36: in enter_password
    self.actions.wait_for_element(self.login_password)
actions/actions.py:71: in wait_for_element
    WebDriverWait(self.driver, timeout).until(EC.visibility_of_element_located(locator))
/opt/hostedtoolcache/Python/3.13.5/x64/lib/python3.13/site-packages/selenium/webdriver/support/wait.py:137: in until
    value = method(self._driver)
/opt/hostedtoolcache/Python/3.13.5/x64/lib/python3.13/site-packages/selenium/webdriver/support/expected_conditions.py:224: in _predicate
    return _element_if_visible(driver.find_element(*locator))
/opt/hostedtoolcache/Python/3.13.5/x64/lib/python3.13/site-packages/selenium/webdriver/support/expected_conditions.py:280: in _element_if_visible
    return element if element.is_displayed() == visibility else False
/opt/hostedtoolcache/Python/3.13.5/x64/lib/python3.13/site-packages/selenium/webdriver/remote/webelement.py:340: in is_displayed
    return self.parent.execute_script(f"/* isDisplayed */return ({isDisplayed_js}).apply(null, arguments);", self)
/opt/hostedtoolcache/Python/3.13.5/x64/lib/python3.13/site-packages/selenium/webdriver/remote/webdriver.py:528: in execute_script
    return self.execute(command, {"script": script, "args": converted_args})["value"]
/opt/hostedtoolcache/Python/3.13.5/x64/lib/python3.13/site-packages/selenium/webdriver/remote/webdriver.py:429: in execute
    self.error_handler.check_response(response)
_ _ _ _ _ _ _ _ _ _ _ _ _ _ _ _ _ _ _ _ _ _ _ _ _ _ _ _ _ _ _ _ _ _ _ _ _ _ _ _ 

self = <selenium.webdriver.remote.errorhandler.ErrorHandler object at 0x7f8837042250>
response = {'status': 500, 'value': '{"value":{"error":"javascript error","message":"javascript error: Cannot read properties of ...\\n#17 0x5620012abaf6 \\u003Cunknown>\\n#18 0x7f0b52e9caa4 \\u003Cunknown>\\n#19 0x7f0b52f29c3c \\u003Cunknown>\\n"}}'}

    def check_response(self, response: Dict[str, Any]) -> None:
        """Checks that a JSON response from the WebDriver does not have an
        error.
    
        :Args:
         - response - The JSON response from the WebDriver server as a dictionary
           object.
    
        :Raises: If the response contains an error message.
        """
        status = response.get("status", None)
        if not status or status == ErrorCode.SUCCESS:
            return
        value = None
        message = response.get("message", "")
        screen: str = response.get("screen", "")
        stacktrace = None
        if isinstance(status, int):
            value_json = response.get("value", None)
            if value_json and isinstance(value_json, str):
                import json
    
                try:
                    value = json.loads(value_json)
                    if len(value) == 1:
                        value = value["value"]
                    status = value.get("error", None)
                    if not status:
                        status = value.get("status", ErrorCode.UNKNOWN_ERROR)
                        message = value.get("value") or value.get("message")
                        if not isinstance(message, str):
                            value = message
                            message = message.get("message")
                    else:
                        message = value.get("message", None)
                except ValueError:
                    pass
    
        exception_class: Type[WebDriverException]
        e = ErrorCode()
        error_codes = [item for item in dir(e) if not item.startswith("__")]
        for error_code in error_codes:
            error_info = getattr(ErrorCode, error_code)
            if isinstance(error_info, list) and status in error_info:
                exception_class = getattr(ExceptionMapping, error_code, WebDriverException)
                break
        else:
            exception_class = WebDriverException
    
        if not value:
            value = response["value"]
        if isinstance(value, str):
            raise exception_class(value)
        if message == "" and "message" in value:
            message = value["message"]
    
        screen = None  # type: ignore[assignment]
        if "screen" in value:
            screen = value["screen"]
    
        stacktrace = None
        st_value = value.get("stackTrace") or value.get("stacktrace")
        if st_value:
            if isinstance(st_value, str):
                stacktrace = st_value.split("\n")
            else:
                stacktrace = []
                try:
                    for frame in st_value:
                        line = frame.get("lineNumber", "")
                        file = frame.get("fileName", "<anonymous>")
                        if line:
                            file = f"{file}:{line}"
                        meth = frame.get("methodName", "<anonymous>")
                        if "className" in frame:
                            meth = f"{frame['className']}.{meth}"
                        msg = "    at %s (%s)"
                        msg = msg % (meth, file)
                        stacktrace.append(msg)
                except TypeError:
                    pass
        if exception_class == UnexpectedAlertPresentException:
            alert_text = None
            if "data" in value:
                alert_text = value["data"].get("text")
            elif "alert" in value:
                alert_text = value["alert"].get("text")
            raise exception_class(message, screen, stacktrace, alert_text)  # type: ignore[call-arg]  # mypy is not smart enough here
>       raise exception_class(message, screen, stacktrace)
E       selenium.common.exceptions.JavascriptException: Message: javascript error: Cannot read properties of undefined (reading 'call')
E         (Session info: chrome=138.0.7204.100)
E       Stacktrace:
E       #0 0x5620012ac7da <unknown>
E       #1 0x562000d512e0 <unknown>
E       #2 0x562000d57f28 <unknown>
E       #3 0x562000d5aa6a <unknown>
E       #4 0x562000def75e <unknown>
E       #5 0x562000dc88b2 <unknown>
E       #6 0x562000dee71c <unknown>
E       #7 0x562000dc8683 <unknown>
E       #8 0x562000d94b5b <unknown>
E       #9 0x562000d95f31 <unknown>
E       #10 0x56200127172b <unknown>
E       #11 0x562001275534 <unknown>
E       #12 0x562001258229 <unknown>
E       #13 0x5620012760d8 <unknown>
E       #14 0x56200123c61f <unknown>
E       #15 0x562001299dd8 <unknown>
E       #16 0x562001299fb6 <unknown>
E       #17 0x5620012abaf6 <unknown>
E       #18 0x7f0b52e9caa4 <unknown>
E       #19 0x7f0b52f29c3c <unknown>

/opt/hostedtoolcache/Python/3.13.5/x64/lib/python3.13/site-packages/selenium/webdriver/remote/errorhandler.py:232: JavascriptException
---------------------------- Captured stderr setup -----------------------------
2025-07-16 04:11:24,839 - INFO - Starting test with Chrome browser
2025-07-16 04:11:24,839 - INFO - ====== WebDriver manager ======
2025-07-16 04:11:24,947 - INFO - Get LATEST chromedriver version for google-chrome
2025-07-16 04:11:24,980 - INFO - Get LATEST chromedriver version for google-chrome
2025-07-16 04:11:25,012 - INFO - Driver [/home/runner/.wdm/drivers/chromedriver/linux64/138.0.7204.157/chromedriver-linux64/chromedriver] found in cache
2025-07-16 04:11:26,886 - INFO - Navigated to URL: https://app.mochaaccounting.com/login
------------------------------ Captured log setup ------------------------------
INFO     conftest:conftest.py:90 Starting test with Chrome browser
INFO     WDM:logger.py:11 ====== WebDriver manager ======
INFO     WDM:logger.py:11 Get LATEST chromedriver version for google-chrome
INFO     WDM:logger.py:11 Get LATEST chromedriver version for google-chrome
INFO     WDM:logger.py:11 Driver [/home/runner/.wdm/drivers/chromedriver/linux64/138.0.7204.157/chromedriver-linux64/chromedriver] found in cache
INFO     conftest:conftest.py:118 Navigated to URL: https://app.mochaaccounting.com/login
--------------------------- Captured stderr teardown ---------------------------
2025-07-16 04:11:27,936 - INFO - Closing browser
---------------------------- Captured log teardown -----------------------------
INFO     conftest:conftest.py:132 Closing browser
________ test_invalid_password_login[shubhamdabir07@gmail.com-Password] ________

setup = <selenium.webdriver.chrome.webdriver.WebDriver (session="6cbe2539d5849af44105da0553fdce97")>
login_test_data = {'expected_password_validation': 'Password is required', 'expected_username_validation': 'Email is required.', 'expect...ect_email_verification_msg': "Please check your email address. If you don't have an account, you can create one.", ...}
username = 'shubhamdabir07@gmail.com', password = 'Password'

    @pytest.mark.parametrize("username, password", zip(valid_username, invalid_password))
    def test_invalid_password_login(setup, login_test_data,username, password ):
        driver = setup
        login_page = LoginPage(driver)
        login_page.enter_username(username)
>       login_page.enter_password(password)

tests/test_login.py:61: 
_ _ _ _ _ _ _ _ _ _ _ _ _ _ _ _ _ _ _ _ _ _ _ _ _ _ _ _ _ _ _ _ _ _ _ _ _ _ _ _ 
pages/login_page.py:36: in enter_password
    self.actions.wait_for_element(self.login_password)
actions/actions.py:71: in wait_for_element
    WebDriverWait(self.driver, timeout).until(EC.visibility_of_element_located(locator))
/opt/hostedtoolcache/Python/3.13.5/x64/lib/python3.13/site-packages/selenium/webdriver/support/wait.py:137: in until
    value = method(self._driver)
/opt/hostedtoolcache/Python/3.13.5/x64/lib/python3.13/site-packages/selenium/webdriver/support/expected_conditions.py:224: in _predicate
    return _element_if_visible(driver.find_element(*locator))
/opt/hostedtoolcache/Python/3.13.5/x64/lib/python3.13/site-packages/selenium/webdriver/support/expected_conditions.py:280: in _element_if_visible
    return element if element.is_displayed() == visibility else False
/opt/hostedtoolcache/Python/3.13.5/x64/lib/python3.13/site-packages/selenium/webdriver/remote/webelement.py:340: in is_displayed
    return self.parent.execute_script(f"/* isDisplayed */return ({isDisplayed_js}).apply(null, arguments);", self)
/opt/hostedtoolcache/Python/3.13.5/x64/lib/python3.13/site-packages/selenium/webdriver/remote/webdriver.py:528: in execute_script
    return self.execute(command, {"script": script, "args": converted_args})["value"]
/opt/hostedtoolcache/Python/3.13.5/x64/lib/python3.13/site-packages/selenium/webdriver/remote/webdriver.py:429: in execute
    self.error_handler.check_response(response)
_ _ _ _ _ _ _ _ _ _ _ _ _ _ _ _ _ _ _ _ _ _ _ _ _ _ _ _ _ _ _ _ _ _ _ _ _ _ _ _ 

self = <selenium.webdriver.remote.errorhandler.ErrorHandler object at 0x7f8836ff05f0>
response = {'status': 500, 'value': '{"value":{"error":"javascript error","message":"javascript error: Cannot read properties of ...\\n#17 0x556ff4e14af6 \\u003Cunknown>\\n#18 0x7ff954c9caa4 \\u003Cunknown>\\n#19 0x7ff954d29c3c \\u003Cunknown>\\n"}}'}

    def check_response(self, response: Dict[str, Any]) -> None:
        """Checks that a JSON response from the WebDriver does not have an
        error.
    
        :Args:
         - response - The JSON response from the WebDriver server as a dictionary
           object.
    
        :Raises: If the response contains an error message.
        """
        status = response.get("status", None)
        if not status or status == ErrorCode.SUCCESS:
            return
        value = None
        message = response.get("message", "")
        screen: str = response.get("screen", "")
        stacktrace = None
        if isinstance(status, int):
            value_json = response.get("value", None)
            if value_json and isinstance(value_json, str):
                import json
    
                try:
                    value = json.loads(value_json)
                    if len(value) == 1:
                        value = value["value"]
                    status = value.get("error", None)
                    if not status:
                        status = value.get("status", ErrorCode.UNKNOWN_ERROR)
                        message = value.get("value") or value.get("message")
                        if not isinstance(message, str):
                            value = message
                            message = message.get("message")
                    else:
                        message = value.get("message", None)
                except ValueError:
                    pass
    
        exception_class: Type[WebDriverException]
        e = ErrorCode()
        error_codes = [item for item in dir(e) if not item.startswith("__")]
        for error_code in error_codes:
            error_info = getattr(ErrorCode, error_code)
            if isinstance(error_info, list) and status in error_info:
                exception_class = getattr(ExceptionMapping, error_code, WebDriverException)
                break
        else:
            exception_class = WebDriverException
    
        if not value:
            value = response["value"]
        if isinstance(value, str):
            raise exception_class(value)
        if message == "" and "message" in value:
            message = value["message"]
    
        screen = None  # type: ignore[assignment]
        if "screen" in value:
            screen = value["screen"]
    
        stacktrace = None
        st_value = value.get("stackTrace") or value.get("stacktrace")
        if st_value:
            if isinstance(st_value, str):
                stacktrace = st_value.split("\n")
            else:
                stacktrace = []
                try:
                    for frame in st_value:
                        line = frame.get("lineNumber", "")
                        file = frame.get("fileName", "<anonymous>")
                        if line:
                            file = f"{file}:{line}"
                        meth = frame.get("methodName", "<anonymous>")
                        if "className" in frame:
                            meth = f"{frame['className']}.{meth}"
                        msg = "    at %s (%s)"
                        msg = msg % (meth, file)
                        stacktrace.append(msg)
                except TypeError:
                    pass
        if exception_class == UnexpectedAlertPresentException:
            alert_text = None
            if "data" in value:
                alert_text = value["data"].get("text")
            elif "alert" in value:
                alert_text = value["alert"].get("text")
            raise exception_class(message, screen, stacktrace, alert_text)  # type: ignore[call-arg]  # mypy is not smart enough here
>       raise exception_class(message, screen, stacktrace)
E       selenium.common.exceptions.JavascriptException: Message: javascript error: Cannot read properties of undefined (reading 'call')
E         (Session info: chrome=138.0.7204.100)
E       Stacktrace:
E       #0 0x556ff4e157da <unknown>
E       #1 0x556ff48ba2e0 <unknown>
E       #2 0x556ff48c0f28 <unknown>
E       #3 0x556ff48c3a6a <unknown>
E       #4 0x556ff495875e <unknown>
E       #5 0x556ff49318b2 <unknown>
E       #6 0x556ff495771c <unknown>
E       #7 0x556ff4931683 <unknown>
E       #8 0x556ff48fdb5b <unknown>
E       #9 0x556ff48fef31 <unknown>
E       #10 0x556ff4dda72b <unknown>
E       #11 0x556ff4dde534 <unknown>
E       #12 0x556ff4dc1229 <unknown>
E       #13 0x556ff4ddf0d8 <unknown>
E       #14 0x556ff4da561f <unknown>
E       #15 0x556ff4e02dd8 <unknown>
E       #16 0x556ff4e02fb6 <unknown>
E       #17 0x556ff4e14af6 <unknown>
E       #18 0x7ff954c9caa4 <unknown>
E       #19 0x7ff954d29c3c <unknown>

/opt/hostedtoolcache/Python/3.13.5/x64/lib/python3.13/site-packages/selenium/webdriver/remote/errorhandler.py:232: JavascriptException
---------------------------- Captured stderr setup -----------------------------
2025-07-16 04:11:28,020 - INFO - Starting test with Chrome browser
2025-07-16 04:11:28,020 - INFO - ====== WebDriver manager ======
2025-07-16 04:11:28,132 - INFO - Get LATEST chromedriver version for google-chrome
2025-07-16 04:11:28,172 - INFO - Get LATEST chromedriver version for google-chrome
2025-07-16 04:11:28,202 - INFO - Driver [/home/runner/.wdm/drivers/chromedriver/linux64/138.0.7204.157/chromedriver-linux64/chromedriver] found in cache
2025-07-16 04:11:30,201 - INFO - Navigated to URL: https://app.mochaaccounting.com/login
------------------------------ Captured log setup ------------------------------
INFO     conftest:conftest.py:90 Starting test with Chrome browser
INFO     WDM:logger.py:11 ====== WebDriver manager ======
INFO     WDM:logger.py:11 Get LATEST chromedriver version for google-chrome
INFO     WDM:logger.py:11 Get LATEST chromedriver version for google-chrome
INFO     WDM:logger.py:11 Driver [/home/runner/.wdm/drivers/chromedriver/linux64/138.0.7204.157/chromedriver-linux64/chromedriver] found in cache
INFO     conftest:conftest.py:118 Navigated to URL: https://app.mochaaccounting.com/login
--------------------------- Captured stderr teardown ---------------------------
2025-07-16 04:11:31,293 - INFO - Closing browser
---------------------------- Captured log teardown -----------------------------
INFO     conftest:conftest.py:132 Closing browser
___ test_invalid_password_login[hrishikesh.shinde1607@gmail.com-payer@1234] ____

setup = <selenium.webdriver.chrome.webdriver.WebDriver (session="4fad75e58697a2d29b5af32ffe8b7d31")>
login_test_data = {'expected_password_validation': 'Password is required', 'expected_username_validation': 'Email is required.', 'expect...ect_email_verification_msg': "Please check your email address. If you don't have an account, you can create one.", ...}
username = 'hrishikesh.shinde1607@gmail.com', password = 'payer@1234'

    @pytest.mark.parametrize("username, password", zip(valid_username, invalid_password))
    def test_invalid_password_login(setup, login_test_data,username, password ):
        driver = setup
        login_page = LoginPage(driver)
        login_page.enter_username(username)
>       login_page.enter_password(password)

tests/test_login.py:61: 
_ _ _ _ _ _ _ _ _ _ _ _ _ _ _ _ _ _ _ _ _ _ _ _ _ _ _ _ _ _ _ _ _ _ _ _ _ _ _ _ 
pages/login_page.py:36: in enter_password
    self.actions.wait_for_element(self.login_password)
actions/actions.py:71: in wait_for_element
    WebDriverWait(self.driver, timeout).until(EC.visibility_of_element_located(locator))
/opt/hostedtoolcache/Python/3.13.5/x64/lib/python3.13/site-packages/selenium/webdriver/support/wait.py:137: in until
    value = method(self._driver)
/opt/hostedtoolcache/Python/3.13.5/x64/lib/python3.13/site-packages/selenium/webdriver/support/expected_conditions.py:224: in _predicate
    return _element_if_visible(driver.find_element(*locator))
/opt/hostedtoolcache/Python/3.13.5/x64/lib/python3.13/site-packages/selenium/webdriver/support/expected_conditions.py:280: in _element_if_visible
    return element if element.is_displayed() == visibility else False
/opt/hostedtoolcache/Python/3.13.5/x64/lib/python3.13/site-packages/selenium/webdriver/remote/webelement.py:340: in is_displayed
    return self.parent.execute_script(f"/* isDisplayed */return ({isDisplayed_js}).apply(null, arguments);", self)
/opt/hostedtoolcache/Python/3.13.5/x64/lib/python3.13/site-packages/selenium/webdriver/remote/webdriver.py:528: in execute_script
    return self.execute(command, {"script": script, "args": converted_args})["value"]
/opt/hostedtoolcache/Python/3.13.5/x64/lib/python3.13/site-packages/selenium/webdriver/remote/webdriver.py:429: in execute
    self.error_handler.check_response(response)
_ _ _ _ _ _ _ _ _ _ _ _ _ _ _ _ _ _ _ _ _ _ _ _ _ _ _ _ _ _ _ _ _ _ _ _ _ _ _ _ 

self = <selenium.webdriver.remote.errorhandler.ErrorHandler object at 0x7f8836fb3f20>
response = {'status': 500, 'value': '{"value":{"error":"javascript error","message":"javascript error: Cannot read properties of ...\\n#17 0x563166aa4af6 \\u003Cunknown>\\n#18 0x7fcbc289caa4 \\u003Cunknown>\\n#19 0x7fcbc2929c3c \\u003Cunknown>\\n"}}'}

    def check_response(self, response: Dict[str, Any]) -> None:
        """Checks that a JSON response from the WebDriver does not have an
        error.
    
        :Args:
         - response - The JSON response from the WebDriver server as a dictionary
           object.
    
        :Raises: If the response contains an error message.
        """
        status = response.get("status", None)
        if not status or status == ErrorCode.SUCCESS:
            return
        value = None
        message = response.get("message", "")
        screen: str = response.get("screen", "")
        stacktrace = None
        if isinstance(status, int):
            value_json = response.get("value", None)
            if value_json and isinstance(value_json, str):
                import json
    
                try:
                    value = json.loads(value_json)
                    if len(value) == 1:
                        value = value["value"]
                    status = value.get("error", None)
                    if not status:
                        status = value.get("status", ErrorCode.UNKNOWN_ERROR)
                        message = value.get("value") or value.get("message")
                        if not isinstance(message, str):
                            value = message
                            message = message.get("message")
                    else:
                        message = value.get("message", None)
                except ValueError:
                    pass
    
        exception_class: Type[WebDriverException]
        e = ErrorCode()
        error_codes = [item for item in dir(e) if not item.startswith("__")]
        for error_code in error_codes:
            error_info = getattr(ErrorCode, error_code)
            if isinstance(error_info, list) and status in error_info:
                exception_class = getattr(ExceptionMapping, error_code, WebDriverException)
                break
        else:
            exception_class = WebDriverException
    
        if not value:
            value = response["value"]
        if isinstance(value, str):
            raise exception_class(value)
        if message == "" and "message" in value:
            message = value["message"]
    
        screen = None  # type: ignore[assignment]
        if "screen" in value:
            screen = value["screen"]
    
        stacktrace = None
        st_value = value.get("stackTrace") or value.get("stacktrace")
        if st_value:
            if isinstance(st_value, str):
                stacktrace = st_value.split("\n")
            else:
                stacktrace = []
                try:
                    for frame in st_value:
                        line = frame.get("lineNumber", "")
                        file = frame.get("fileName", "<anonymous>")
                        if line:
                            file = f"{file}:{line}"
                        meth = frame.get("methodName", "<anonymous>")
                        if "className" in frame:
                            meth = f"{frame['className']}.{meth}"
                        msg = "    at %s (%s)"
                        msg = msg % (meth, file)
                        stacktrace.append(msg)
                except TypeError:
                    pass
        if exception_class == UnexpectedAlertPresentException:
            alert_text = None
            if "data" in value:
                alert_text = value["data"].get("text")
            elif "alert" in value:
                alert_text = value["alert"].get("text")
            raise exception_class(message, screen, stacktrace, alert_text)  # type: ignore[call-arg]  # mypy is not smart enough here
>       raise exception_class(message, screen, stacktrace)
E       selenium.common.exceptions.JavascriptException: Message: javascript error: Cannot read properties of undefined (reading 'call')
E         (Session info: chrome=138.0.7204.100)
E       Stacktrace:
E       #0 0x563166aa57da <unknown>
E       #1 0x56316654a2e0 <unknown>
E       #2 0x563166550f28 <unknown>
E       #3 0x563166553a6a <unknown>
E       #4 0x5631665e875e <unknown>
E       #5 0x5631665c18b2 <unknown>
E       #6 0x5631665e771c <unknown>
E       #7 0x5631665c1683 <unknown>
E       #8 0x56316658db5b <unknown>
E       #9 0x56316658ef31 <unknown>
E       #10 0x563166a6a72b <unknown>
E       #11 0x563166a6e534 <unknown>
E       #12 0x563166a51229 <unknown>
E       #13 0x563166a6f0d8 <unknown>
E       #14 0x563166a3561f <unknown>
E       #15 0x563166a92dd8 <unknown>
E       #16 0x563166a92fb6 <unknown>
E       #17 0x563166aa4af6 <unknown>
E       #18 0x7fcbc289caa4 <unknown>
E       #19 0x7fcbc2929c3c <unknown>

/opt/hostedtoolcache/Python/3.13.5/x64/lib/python3.13/site-packages/selenium/webdriver/remote/errorhandler.py:232: JavascriptException
---------------------------- Captured stderr setup -----------------------------
2025-07-16 04:11:31,374 - INFO - Starting test with Chrome browser
2025-07-16 04:11:31,375 - INFO - ====== WebDriver manager ======
2025-07-16 04:11:31,484 - INFO - Get LATEST chromedriver version for google-chrome
2025-07-16 04:11:31,517 - INFO - Get LATEST chromedriver version for google-chrome
2025-07-16 04:11:31,549 - INFO - Driver [/home/runner/.wdm/drivers/chromedriver/linux64/138.0.7204.157/chromedriver-linux64/chromedriver] found in cache
2025-07-16 04:11:32,609 - INFO - Navigated to URL: https://app.mochaaccounting.com/login
------------------------------ Captured log setup ------------------------------
INFO     conftest:conftest.py:90 Starting test with Chrome browser
INFO     WDM:logger.py:11 ====== WebDriver manager ======
INFO     WDM:logger.py:11 Get LATEST chromedriver version for google-chrome
INFO     WDM:logger.py:11 Get LATEST chromedriver version for google-chrome
INFO     WDM:logger.py:11 Driver [/home/runner/.wdm/drivers/chromedriver/linux64/138.0.7204.157/chromedriver-linux64/chromedriver] found in cache
INFO     conftest:conftest.py:118 Navigated to URL: https://app.mochaaccounting.com/login
--------------------------- Captured stderr teardown ---------------------------
2025-07-16 04:11:34,460 - INFO - Closing browser
---------------------------- Captured log teardown -----------------------------
INFO     conftest:conftest.py:132 Closing browser
________________________ test_blank_password_validation ________________________

setup = <selenium.webdriver.chrome.webdriver.WebDriver (session="ecbf2604846540efa38f20e9cc3ef686")>
login_test_data = {'expected_password_validation': 'Password is required', 'expected_username_validation': 'Email is required.', 'expect...ect_email_verification_msg': "Please check your email address. If you don't have an account, you can create one.", ...}

    def test_blank_password_validation(setup,login_test_data):
        driver = setup
        login_page = LoginPage(driver)
        login_page.enter_username(valid_username[0])
>       login_page.click_password()

tests/test_login.py:80: 
_ _ _ _ _ _ _ _ _ _ _ _ _ _ _ _ _ _ _ _ _ _ _ _ _ _ _ _ _ _ _ _ _ _ _ _ _ _ _ _ 
pages/login_page.py:40: in click_password
    self.actions.wait_for_element(self.login_password)
actions/actions.py:71: in wait_for_element
    WebDriverWait(self.driver, timeout).until(EC.visibility_of_element_located(locator))
/opt/hostedtoolcache/Python/3.13.5/x64/lib/python3.13/site-packages/selenium/webdriver/support/wait.py:137: in until
    value = method(self._driver)
/opt/hostedtoolcache/Python/3.13.5/x64/lib/python3.13/site-packages/selenium/webdriver/support/expected_conditions.py:224: in _predicate
    return _element_if_visible(driver.find_element(*locator))
/opt/hostedtoolcache/Python/3.13.5/x64/lib/python3.13/site-packages/selenium/webdriver/support/expected_conditions.py:280: in _element_if_visible
    return element if element.is_displayed() == visibility else False
/opt/hostedtoolcache/Python/3.13.5/x64/lib/python3.13/site-packages/selenium/webdriver/remote/webelement.py:340: in is_displayed
    return self.parent.execute_script(f"/* isDisplayed */return ({isDisplayed_js}).apply(null, arguments);", self)
/opt/hostedtoolcache/Python/3.13.5/x64/lib/python3.13/site-packages/selenium/webdriver/remote/webdriver.py:528: in execute_script
    return self.execute(command, {"script": script, "args": converted_args})["value"]
/opt/hostedtoolcache/Python/3.13.5/x64/lib/python3.13/site-packages/selenium/webdriver/remote/webdriver.py:429: in execute
    self.error_handler.check_response(response)
_ _ _ _ _ _ _ _ _ _ _ _ _ _ _ _ _ _ _ _ _ _ _ _ _ _ _ _ _ _ _ _ _ _ _ _ _ _ _ _ 

self = <selenium.webdriver.remote.errorhandler.ErrorHandler object at 0x7f883703dc50>
response = {'status': 500, 'value': '{"value":{"error":"javascript error","message":"javascript error: Cannot read properties of ...\\n#17 0x55a0679f5af6 \\u003Cunknown>\\n#18 0x7fd58969caa4 \\u003Cunknown>\\n#19 0x7fd589729c3c \\u003Cunknown>\\n"}}'}

    def check_response(self, response: Dict[str, Any]) -> None:
        """Checks that a JSON response from the WebDriver does not have an
        error.
    
        :Args:
         - response - The JSON response from the WebDriver server as a dictionary
           object.
    
        :Raises: If the response contains an error message.
        """
        status = response.get("status", None)
        if not status or status == ErrorCode.SUCCESS:
            return
        value = None
        message = response.get("message", "")
        screen: str = response.get("screen", "")
        stacktrace = None
        if isinstance(status, int):
            value_json = response.get("value", None)
            if value_json and isinstance(value_json, str):
                import json
    
                try:
                    value = json.loads(value_json)
                    if len(value) == 1:
                        value = value["value"]
                    status = value.get("error", None)
                    if not status:
                        status = value.get("status", ErrorCode.UNKNOWN_ERROR)
                        message = value.get("value") or value.get("message")
                        if not isinstance(message, str):
                            value = message
                            message = message.get("message")
                    else:
                        message = value.get("message", None)
                except ValueError:
                    pass
    
        exception_class: Type[WebDriverException]
        e = ErrorCode()
        error_codes = [item for item in dir(e) if not item.startswith("__")]
        for error_code in error_codes:
            error_info = getattr(ErrorCode, error_code)
            if isinstance(error_info, list) and status in error_info:
                exception_class = getattr(ExceptionMapping, error_code, WebDriverException)
                break
        else:
            exception_class = WebDriverException
    
        if not value:
            value = response["value"]
        if isinstance(value, str):
            raise exception_class(value)
        if message == "" and "message" in value:
            message = value["message"]
    
        screen = None  # type: ignore[assignment]
        if "screen" in value:
            screen = value["screen"]
    
        stacktrace = None
        st_value = value.get("stackTrace") or value.get("stacktrace")
        if st_value:
            if isinstance(st_value, str):
                stacktrace = st_value.split("\n")
            else:
                stacktrace = []
                try:
                    for frame in st_value:
                        line = frame.get("lineNumber", "")
                        file = frame.get("fileName", "<anonymous>")
                        if line:
                            file = f"{file}:{line}"
                        meth = frame.get("methodName", "<anonymous>")
                        if "className" in frame:
                            meth = f"{frame['className']}.{meth}"
                        msg = "    at %s (%s)"
                        msg = msg % (meth, file)
                        stacktrace.append(msg)
                except TypeError:
                    pass
        if exception_class == UnexpectedAlertPresentException:
            alert_text = None
            if "data" in value:
                alert_text = value["data"].get("text")
            elif "alert" in value:
                alert_text = value["alert"].get("text")
            raise exception_class(message, screen, stacktrace, alert_text)  # type: ignore[call-arg]  # mypy is not smart enough here
>       raise exception_class(message, screen, stacktrace)
E       selenium.common.exceptions.JavascriptException: Message: javascript error: Cannot read properties of undefined (reading 'call')
E         (Session info: chrome=138.0.7204.100)
E       Stacktrace:
E       #0 0x55a0679f67da <unknown>
E       #1 0x55a06749b2e0 <unknown>
E       #2 0x55a0674a1f28 <unknown>
E       #3 0x55a0674a4a6a <unknown>
E       #4 0x55a06753975e <unknown>
E       #5 0x55a0675128b2 <unknown>
E       #6 0x55a06753871c <unknown>
E       #7 0x55a067512683 <unknown>
E       #8 0x55a0674deb5b <unknown>
E       #9 0x55a0674dff31 <unknown>
E       #10 0x55a0679bb72b <unknown>
E       #11 0x55a0679bf534 <unknown>
E       #12 0x55a0679a2229 <unknown>
E       #13 0x55a0679c00d8 <unknown>
E       #14 0x55a06798661f <unknown>
E       #15 0x55a0679e3dd8 <unknown>
E       #16 0x55a0679e3fb6 <unknown>
E       #17 0x55a0679f5af6 <unknown>
E       #18 0x7fd58969caa4 <unknown>
E       #19 0x7fd589729c3c <unknown>

/opt/hostedtoolcache/Python/3.13.5/x64/lib/python3.13/site-packages/selenium/webdriver/remote/errorhandler.py:232: JavascriptException
---------------------------- Captured stderr setup -----------------------------
2025-07-16 04:11:36,987 - INFO - Starting test with Chrome browser
2025-07-16 04:11:36,987 - INFO - ====== WebDriver manager ======
2025-07-16 04:11:37,097 - INFO - Get LATEST chromedriver version for google-chrome
2025-07-16 04:11:37,133 - INFO - Get LATEST chromedriver version for google-chrome
2025-07-16 04:11:37,164 - INFO - Driver [/home/runner/.wdm/drivers/chromedriver/linux64/138.0.7204.157/chromedriver-linux64/chromedriver] found in cache
2025-07-16 04:11:39,026 - INFO - Navigated to URL: https://app.mochaaccounting.com/login
------------------------------ Captured log setup ------------------------------
INFO     conftest:conftest.py:90 Starting test with Chrome browser
INFO     WDM:logger.py:11 ====== WebDriver manager ======
INFO     WDM:logger.py:11 Get LATEST chromedriver version for google-chrome
INFO     WDM:logger.py:11 Get LATEST chromedriver version for google-chrome
INFO     WDM:logger.py:11 Driver [/home/runner/.wdm/drivers/chromedriver/linux64/138.0.7204.157/chromedriver-linux64/chromedriver] found in cache
INFO     conftest:conftest.py:118 Navigated to URL: https://app.mochaaccounting.com/login
--------------------------- Captured stderr teardown ---------------------------
2025-07-16 04:11:40,153 - INFO - Closing browser
---------------------------- Captured log teardown -----------------------------
INFO     conftest:conftest.py:132 Closing browser
___________________ test_invalid_email_validation[username1] ___________________

setup = <selenium.webdriver.chrome.webdriver.WebDriver (session="613b9d31e7315004746be205673038fb")>
login_test_data = {'expected_password_validation': 'Password is required', 'expected_username_validation': 'Email is required.', 'expect...ect_email_verification_msg': "Please check your email address. If you don't have an account, you can create one.", ...}
username = ('payeryash1gmail.com',)

    @pytest.mark.parametrize("username", zip(invalid_format_username))
    def test_invalid_email_validation(setup, login_test_data, username):
        driver = setup
        login_page = LoginPage(driver)
        login_page.enter_username(username)
        login_page.disabled_click_login_button()
>       login_page.invalid_email_validation(login_test_data)

tests/test_login.py:98: 
_ _ _ _ _ _ _ _ _ _ _ _ _ _ _ _ _ _ _ _ _ _ _ _ _ _ _ _ _ _ _ _ _ _ _ _ _ _ _ _ 
pages/login_page.py:90: in invalid_email_validation
    self.actions.wait_for_element(self.invalid_email_verification_msg)
actions/actions.py:71: in wait_for_element
    WebDriverWait(self.driver, timeout).until(EC.visibility_of_element_located(locator))
/opt/hostedtoolcache/Python/3.13.5/x64/lib/python3.13/site-packages/selenium/webdriver/support/wait.py:137: in until
    value = method(self._driver)
/opt/hostedtoolcache/Python/3.13.5/x64/lib/python3.13/site-packages/selenium/webdriver/support/expected_conditions.py:224: in _predicate
    return _element_if_visible(driver.find_element(*locator))
/opt/hostedtoolcache/Python/3.13.5/x64/lib/python3.13/site-packages/selenium/webdriver/support/expected_conditions.py:280: in _element_if_visible
    return element if element.is_displayed() == visibility else False
/opt/hostedtoolcache/Python/3.13.5/x64/lib/python3.13/site-packages/selenium/webdriver/remote/webelement.py:340: in is_displayed
    return self.parent.execute_script(f"/* isDisplayed */return ({isDisplayed_js}).apply(null, arguments);", self)
/opt/hostedtoolcache/Python/3.13.5/x64/lib/python3.13/site-packages/selenium/webdriver/remote/webdriver.py:528: in execute_script
    return self.execute(command, {"script": script, "args": converted_args})["value"]
/opt/hostedtoolcache/Python/3.13.5/x64/lib/python3.13/site-packages/selenium/webdriver/remote/webdriver.py:429: in execute
    self.error_handler.check_response(response)
_ _ _ _ _ _ _ _ _ _ _ _ _ _ _ _ _ _ _ _ _ _ _ _ _ _ _ _ _ _ _ _ _ _ _ _ _ _ _ _ 

self = <selenium.webdriver.remote.errorhandler.ErrorHandler object at 0x7f8836f5b050>
response = {'status': 500, 'value': '{"value":{"error":"javascript error","message":"javascript error: Cannot read properties of ...\\n#17 0x56284c8f5af6 \\u003Cunknown>\\n#18 0x7f62cc09caa4 \\u003Cunknown>\\n#19 0x7f62cc129c3c \\u003Cunknown>\\n"}}'}

    def check_response(self, response: Dict[str, Any]) -> None:
        """Checks that a JSON response from the WebDriver does not have an
        error.
    
        :Args:
         - response - The JSON response from the WebDriver server as a dictionary
           object.
    
        :Raises: If the response contains an error message.
        """
        status = response.get("status", None)
        if not status or status == ErrorCode.SUCCESS:
            return
        value = None
        message = response.get("message", "")
        screen: str = response.get("screen", "")
        stacktrace = None
        if isinstance(status, int):
            value_json = response.get("value", None)
            if value_json and isinstance(value_json, str):
                import json
    
                try:
                    value = json.loads(value_json)
                    if len(value) == 1:
                        value = value["value"]
                    status = value.get("error", None)
                    if not status:
                        status = value.get("status", ErrorCode.UNKNOWN_ERROR)
                        message = value.get("value") or value.get("message")
                        if not isinstance(message, str):
                            value = message
                            message = message.get("message")
                    else:
                        message = value.get("message", None)
                except ValueError:
                    pass
    
        exception_class: Type[WebDriverException]
        e = ErrorCode()
        error_codes = [item for item in dir(e) if not item.startswith("__")]
        for error_code in error_codes:
            error_info = getattr(ErrorCode, error_code)
            if isinstance(error_info, list) and status in error_info:
                exception_class = getattr(ExceptionMapping, error_code, WebDriverException)
                break
        else:
            exception_class = WebDriverException
    
        if not value:
            value = response["value"]
        if isinstance(value, str):
            raise exception_class(value)
        if message == "" and "message" in value:
            message = value["message"]
    
        screen = None  # type: ignore[assignment]
        if "screen" in value:
            screen = value["screen"]
    
        stacktrace = None
        st_value = value.get("stackTrace") or value.get("stacktrace")
        if st_value:
            if isinstance(st_value, str):
                stacktrace = st_value.split("\n")
            else:
                stacktrace = []
                try:
                    for frame in st_value:
                        line = frame.get("lineNumber", "")
                        file = frame.get("fileName", "<anonymous>")
                        if line:
                            file = f"{file}:{line}"
                        meth = frame.get("methodName", "<anonymous>")
                        if "className" in frame:
                            meth = f"{frame['className']}.{meth}"
                        msg = "    at %s (%s)"
                        msg = msg % (meth, file)
                        stacktrace.append(msg)
                except TypeError:
                    pass
        if exception_class == UnexpectedAlertPresentException:
            alert_text = None
            if "data" in value:
                alert_text = value["data"].get("text")
            elif "alert" in value:
                alert_text = value["alert"].get("text")
            raise exception_class(message, screen, stacktrace, alert_text)  # type: ignore[call-arg]  # mypy is not smart enough here
>       raise exception_class(message, screen, stacktrace)
E       selenium.common.exceptions.JavascriptException: Message: javascript error: Cannot read properties of undefined (reading 'call')
E         (Session info: chrome=138.0.7204.100)
E       Stacktrace:
E       #0 0x56284c8f67da <unknown>
E       #1 0x56284c39b2e0 <unknown>
E       #2 0x56284c3a1f28 <unknown>
E       #3 0x56284c3a4a6a <unknown>
E       #4 0x56284c43975e <unknown>
E       #5 0x56284c4128b2 <unknown>
E       #6 0x56284c43871c <unknown>
E       #7 0x56284c412683 <unknown>
E       #8 0x56284c3deb5b <unknown>
E       #9 0x56284c3dff31 <unknown>
E       #10 0x56284c8bb72b <unknown>
E       #11 0x56284c8bf534 <unknown>
E       #12 0x56284c8a2229 <unknown>
E       #13 0x56284c8c00d8 <unknown>
E       #14 0x56284c88661f <unknown>
E       #15 0x56284c8e3dd8 <unknown>
E       #16 0x56284c8e3fb6 <unknown>
E       #17 0x56284c8f5af6 <unknown>
E       #18 0x7f62cc09caa4 <unknown>
E       #19 0x7f62cc129c3c <unknown>

/opt/hostedtoolcache/Python/3.13.5/x64/lib/python3.13/site-packages/selenium/webdriver/remote/errorhandler.py:232: JavascriptException
---------------------------- Captured stderr setup -----------------------------
2025-07-16 04:11:42,808 - INFO - Starting test with Chrome browser
2025-07-16 04:11:42,808 - INFO - ====== WebDriver manager ======
2025-07-16 04:11:42,917 - INFO - Get LATEST chromedriver version for google-chrome
2025-07-16 04:11:42,948 - INFO - Get LATEST chromedriver version for google-chrome
2025-07-16 04:11:42,987 - INFO - Driver [/home/runner/.wdm/drivers/chromedriver/linux64/138.0.7204.157/chromedriver-linux64/chromedriver] found in cache
2025-07-16 04:11:44,952 - INFO - Navigated to URL: https://app.mochaaccounting.com/login
------------------------------ Captured log setup ------------------------------
INFO     conftest:conftest.py:90 Starting test with Chrome browser
INFO     WDM:logger.py:11 ====== WebDriver manager ======
INFO     WDM:logger.py:11 Get LATEST chromedriver version for google-chrome
INFO     WDM:logger.py:11 Get LATEST chromedriver version for google-chrome
INFO     WDM:logger.py:11 Driver [/home/runner/.wdm/drivers/chromedriver/linux64/138.0.7204.157/chromedriver-linux64/chromedriver] found in cache
INFO     conftest:conftest.py:118 Navigated to URL: https://app.mochaaccounting.com/login
--------------------------- Captured stderr teardown ---------------------------
2025-07-16 04:11:45,602 - INFO - Closing browser
---------------------------- Captured log teardown -----------------------------
INFO     conftest:conftest.py:132 Closing browser
- Generated html report: file:///home/runner/work/Mocha_accounting/Mocha_accounting/C%3A%5CUsers%5CTaurus13%5CPycharmProjects%5CPythonProject%5Creports/20250716_041040/report.html -
=========================== short test summary info ============================
FAILED tests/test_login.py::test_valid_login[ranjeet.gupta@mochatechnologies.com-Ais@1234] - selenium.common.exceptions.JavascriptException: Message: javascript error: Cannot read properties of undefined (reading 'call')
  (Session info: chrome=138.0.7204.100)
Stacktrace:
#0 0x5586946b17da <unknown>
#1 0x5586941562e0 <unknown>
#2 0x55869415cf28 <unknown>
#3 0x55869415fa6a <unknown>
#4 0x5586941f475e <unknown>
#5 0x5586941cd8b2 <unknown>
#6 0x5586941f371c <unknown>
#7 0x5586941cd683 <unknown>
#8 0x558694199b5b <unknown>
#9 0x55869419af31 <unknown>
#10 0x55869467672b <unknown>
#11 0x55869467a534 <unknown>
#12 0x55869465d229 <unknown>
#13 0x55869467b0d8 <unknown>
#14 0x55869464161f <unknown>
#15 0x55869469edd8 <unknown>
#16 0x55869469efb6 <unknown>
#17 0x5586946b0af6 <unknown>
#18 0x7fad48a9caa4 <unknown>
#19 0x7fad48b29c3c <unknown>
FAILED tests/test_login.py::test_valid_login[samatakamble9@gmail.com-Samata@16] - selenium.common.exceptions.JavascriptException: Message: javascript error: Cannot read properties of undefined (reading 'call')
  (Session info: chrome=138.0.7204.100)
Stacktrace:
#0 0x55a9215217da <unknown>
#1 0x55a920fc62e0 <unknown>
#2 0x55a920fccf28 <unknown>
#3 0x55a920fcfa6a <unknown>
#4 0x55a92106475e <unknown>
#5 0x55a92103d8b2 <unknown>
#6 0x55a92106371c <unknown>
#7 0x55a92103d683 <unknown>
#8 0x55a921009b5b <unknown>
#9 0x55a92100af31 <unknown>
#10 0x55a9214e672b <unknown>
#11 0x55a9214ea534 <unknown>
#12 0x55a9214cd229 <unknown>
#13 0x55a9214eb0d8 <unknown>
#14 0x55a9214b161f <unknown>
#15 0x55a92150edd8 <unknown>
#16 0x55a92150efb6 <unknown>
#17 0x55a921520af6 <unknown>
#18 0x7f154ce9caa4 <unknown>
#19 0x7f154cf29c3c <unknown>
FAILED tests/test_login.py::test_valid_login[shubhamdabir07@gmail.com-Shubham@1234] - selenium.common.exceptions.JavascriptException: Message: javascript error: Cannot read properties of undefined (reading 'call')
  (Session info: chrome=138.0.7204.100)
Stacktrace:
#0 0x55f95869c7da <unknown>
#1 0x55f9581412e0 <unknown>
#2 0x55f958147f28 <unknown>
#3 0x55f95814aa6a <unknown>
#4 0x55f9581df75e <unknown>
#5 0x55f9581b88b2 <unknown>
#6 0x55f9581de71c <unknown>
#7 0x55f9581b8683 <unknown>
#8 0x55f958184b5b <unknown>
#9 0x55f958185f31 <unknown>
#10 0x55f95866172b <unknown>
#11 0x55f958665534 <unknown>
#12 0x55f958648229 <unknown>
#13 0x55f9586660d8 <unknown>
#14 0x55f95862c61f <unknown>
#15 0x55f958689dd8 <unknown>
#16 0x55f958689fb6 <unknown>
#17 0x55f95869baf6 <unknown>
#18 0x7f45dc29caa4 <unknown>
#19 0x7f45dc329c3c <unknown>
FAILED tests/test_login.py::test_valid_login[hrishikesh.shinde1607@gmail.com-Hrishikesh@1234] - selenium.common.exceptions.JavascriptException: Message: javascript error: Cannot read properties of undefined (reading 'call')
  (Session info: chrome=138.0.7204.100)
Stacktrace:
#0 0x56364e4a57da <unknown>
#1 0x56364df4a2e0 <unknown>
#2 0x56364df50f28 <unknown>
#3 0x56364df53a6a <unknown>
#4 0x56364dfe875e <unknown>
#5 0x56364dfc18b2 <unknown>
#6 0x56364dfe771c <unknown>
#7 0x56364dfc1683 <unknown>
#8 0x56364df8db5b <unknown>
#9 0x56364df8ef31 <unknown>
#10 0x56364e46a72b <unknown>
#11 0x56364e46e534 <unknown>
#12 0x56364e451229 <unknown>
#13 0x56364e46f0d8 <unknown>
#14 0x56364e43561f <unknown>
#15 0x56364e492dd8 <unknown>
#16 0x56364e492fb6 <unknown>
#17 0x56364e4a4af6 <unknown>
#18 0x7f8699e9caa4 <unknown>
#19 0x7f8699f29c3c <unknown>
FAILED tests/test_login.py::test_invalid_email_login[username0] - selenium.common.exceptions.JavascriptException: Message: javascript error: Cannot read properties of undefined (reading 'call')
  (Session info: chrome=138.0.7204.100)
Stacktrace:
#0 0x561d076687da <unknown>
#1 0x561d0710d2e0 <unknown>
#2 0x561d07113f28 <unknown>
#3 0x561d07116a6a <unknown>
#4 0x561d071ab75e <unknown>
#5 0x561d071848b2 <unknown>
#6 0x561d071aa71c <unknown>
#7 0x561d07184683 <unknown>
#8 0x561d07150b5b <unknown>
#9 0x561d07151f31 <unknown>
#10 0x561d0762d72b <unknown>
#11 0x561d07631534 <unknown>
#12 0x561d07614229 <unknown>
#13 0x561d076320d8 <unknown>
#14 0x561d075f861f <unknown>
#15 0x561d07655dd8 <unknown>
#16 0x561d07655fb6 <unknown>
#17 0x561d07667af6 <unknown>
#18 0x7fdbe749caa4 <unknown>
#19 0x7fdbe7529c3c <unknown>
FAILED tests/test_login.py::test_invalid_email_login[username1] - selenium.common.exceptions.JavascriptException: Message: javascript error: Cannot read properties of undefined (reading 'call')
  (Session info: chrome=138.0.7204.100)
Stacktrace:
#0 0x5613c80067da <unknown>
#1 0x5613c7aab2e0 <unknown>
#2 0x5613c7ab1f28 <unknown>
#3 0x5613c7ab4a6a <unknown>
#4 0x5613c7b4975e <unknown>
#5 0x5613c7b228b2 <unknown>
#6 0x5613c7b4871c <unknown>
#7 0x5613c7b22683 <unknown>
#8 0x5613c7aeeb5b <unknown>
#9 0x5613c7aeff31 <unknown>
#10 0x5613c7fcb72b <unknown>
#11 0x5613c7fcf534 <unknown>
#12 0x5613c7fb2229 <unknown>
#13 0x5613c7fd00d8 <unknown>
#14 0x5613c7f9661f <unknown>
#15 0x5613c7ff3dd8 <unknown>
#16 0x5613c7ff3fb6 <unknown>
#17 0x5613c8005af6 <unknown>
#18 0x7f9ee449caa4 <unknown>
#19 0x7f9ee4529c3c <unknown>
FAILED tests/test_login.py::test_invalid_email_login[username2] - selenium.common.exceptions.JavascriptException: Message: javascript error: Cannot read properties of undefined (reading 'call')
  (Session info: chrome=138.0.7204.100)
Stacktrace:
#0 0x5620c31f37da <unknown>
#1 0x5620c2c982e0 <unknown>
#2 0x5620c2c9ef28 <unknown>
#3 0x5620c2ca1a6a <unknown>
#4 0x5620c2d3675e <unknown>
#5 0x5620c2d0f8b2 <unknown>
#6 0x5620c2d3571c <unknown>
#7 0x5620c2d0f683 <unknown>
#8 0x5620c2cdbb5b <unknown>
#9 0x5620c2cdcf31 <unknown>
#10 0x5620c31b872b <unknown>
#11 0x5620c31bc534 <unknown>
#12 0x5620c319f229 <unknown>
#13 0x5620c31bd0d8 <unknown>
#14 0x5620c318361f <unknown>
#15 0x5620c31e0dd8 <unknown>
#16 0x5620c31e0fb6 <unknown>
#17 0x5620c31f2af6 <unknown>
#18 0x7efcf6e9caa4 <unknown>
#19 0x7efcf6f29c3c <unknown>
FAILED tests/test_login.py::test_invalid_email_login[username3] - selenium.common.exceptions.JavascriptException: Message: javascript error: Cannot read properties of undefined (reading 'call')
  (Session info: chrome=138.0.7204.100)
Stacktrace:
#0 0x5650054067da <unknown>
#1 0x565004eab2e0 <unknown>
#2 0x565004eb1f28 <unknown>
#3 0x565004eb4a6a <unknown>
#4 0x565004f4975e <unknown>
#5 0x565004f228b2 <unknown>
#6 0x565004f4871c <unknown>
#7 0x565004f22683 <unknown>
#8 0x565004eeeb5b <unknown>
#9 0x565004eeff31 <unknown>
#10 0x5650053cb72b <unknown>
#11 0x5650053cf534 <unknown>
#12 0x5650053b2229 <unknown>
#13 0x5650053d00d8 <unknown>
#14 0x56500539661f <unknown>
#15 0x5650053f3dd8 <unknown>
#16 0x5650053f3fb6 <unknown>
#17 0x565005405af6 <unknown>
#18 0x7f569389caa4 <unknown>
#19 0x7f5693929c3c <unknown>
FAILED tests/test_login.py::test_invalid_password_login[ranjeet.gupta@mochatechnologies.com-Password@123] - selenium.common.exceptions.JavascriptException: Message: javascript error: Cannot read properties of undefined (reading 'call')
  (Session info: chrome=138.0.7204.100)
Stacktrace:
#0 0x556239b9e7da <unknown>
#1 0x5562396432e0 <unknown>
#2 0x556239649f28 <unknown>
#3 0x55623964ca6a <unknown>
#4 0x5562396e175e <unknown>
#5 0x5562396ba8b2 <unknown>
#6 0x5562396e071c <unknown>
#7 0x5562396ba683 <unknown>
#8 0x556239686b5b <unknown>
#9 0x556239687f31 <unknown>
#10 0x556239b6372b <unknown>
#11 0x556239b67534 <unknown>
#12 0x556239b4a229 <unknown>
#13 0x556239b680d8 <unknown>
#14 0x556239b2e61f <unknown>
#15 0x556239b8bdd8 <unknown>
#16 0x556239b8bfb6 <unknown>
#17 0x556239b9daf6 <unknown>
#18 0x7fb35e69caa4 <unknown>
#19 0x7fb35e729c3c <unknown>
FAILED tests/test_login.py::test_invalid_password_login[samatakamble9@gmail.com-Password@12] - selenium.common.exceptions.JavascriptException: Message: javascript error: Cannot read properties of undefined (reading 'call')
  (Session info: chrome=138.0.7204.100)
Stacktrace:
#0 0x5620012ac7da <unknown>
#1 0x562000d512e0 <unknown>
#2 0x562000d57f28 <unknown>
#3 0x562000d5aa6a <unknown>
#4 0x562000def75e <unknown>
#5 0x562000dc88b2 <unknown>
#6 0x562000dee71c <unknown>
#7 0x562000dc8683 <unknown>
#8 0x562000d94b5b <unknown>
#9 0x562000d95f31 <unknown>
#10 0x56200127172b <unknown>
#11 0x562001275534 <unknown>
#12 0x562001258229 <unknown>
#13 0x5620012760d8 <unknown>
#14 0x56200123c61f <unknown>
#15 0x562001299dd8 <unknown>
#16 0x562001299fb6 <unknown>
#17 0x5620012abaf6 <unknown>
#18 0x7f0b52e9caa4 <unknown>
#19 0x7f0b52f29c3c <unknown>
FAILED tests/test_login.py::test_invalid_password_login[shubhamdabir07@gmail.com-Password] - selenium.common.exceptions.JavascriptException: Message: javascript error: Cannot read properties of undefined (reading 'call')
  (Session info: chrome=138.0.7204.100)
Stacktrace:
#0 0x556ff4e157da <unknown>
#1 0x556ff48ba2e0 <unknown>
#2 0x556ff48c0f28 <unknown>
#3 0x556ff48c3a6a <unknown>
#4 0x556ff495875e <unknown>
#5 0x556ff49318b2 <unknown>
#6 0x556ff495771c <unknown>
#7 0x556ff4931683 <unknown>
#8 0x556ff48fdb5b <unknown>
#9 0x556ff48fef31 <unknown>
#10 0x556ff4dda72b <unknown>
#11 0x556ff4dde534 <unknown>
#12 0x556ff4dc1229 <unknown>
#13 0x556ff4ddf0d8 <unknown>
#14 0x556ff4da561f <unknown>
#15 0x556ff4e02dd8 <unknown>
#16 0x556ff4e02fb6 <unknown>
#17 0x556ff4e14af6 <unknown>
#18 0x7ff954c9caa4 <unknown>
#19 0x7ff954d29c3c <unknown>
FAILED tests/test_login.py::test_invalid_password_login[hrishikesh.shinde1607@gmail.com-payer@1234] - selenium.common.exceptions.JavascriptException: Message: javascript error: Cannot read properties of undefined (reading 'call')
  (Session info: chrome=138.0.7204.100)
Stacktrace:
#0 0x563166aa57da <unknown>
#1 0x56316654a2e0 <unknown>
#2 0x563166550f28 <unknown>
#3 0x563166553a6a <unknown>
#4 0x5631665e875e <unknown>
#5 0x5631665c18b2 <unknown>
#6 0x5631665e771c <unknown>
#7 0x5631665c1683 <unknown>
#8 0x56316658db5b <unknown>
#9 0x56316658ef31 <unknown>
#10 0x563166a6a72b <unknown>
#11 0x563166a6e534 <unknown>
#12 0x563166a51229 <unknown>
#13 0x563166a6f0d8 <unknown>
#14 0x563166a3561f <unknown>
#15 0x563166a92dd8 <unknown>
#16 0x563166a92fb6 <unknown>
#17 0x563166aa4af6 <unknown>
#18 0x7fcbc289caa4 <unknown>
#19 0x7fcbc2929c3c <unknown>
FAILED tests/test_login.py::test_blank_password_validation - selenium.common.exceptions.JavascriptException: Message: javascript error: Cannot read properties of undefined (reading 'call')
  (Session info: chrome=138.0.7204.100)
Stacktrace:
#0 0x55a0679f67da <unknown>
#1 0x55a06749b2e0 <unknown>
#2 0x55a0674a1f28 <unknown>
#3 0x55a0674a4a6a <unknown>
#4 0x55a06753975e <unknown>
#5 0x55a0675128b2 <unknown>
#6 0x55a06753871c <unknown>
#7 0x55a067512683 <unknown>
#8 0x55a0674deb5b <unknown>
#9 0x55a0674dff31 <unknown>
#10 0x55a0679bb72b <unknown>
#11 0x55a0679bf534 <unknown>
#12 0x55a0679a2229 <unknown>
#13 0x55a0679c00d8 <unknown>
#14 0x55a06798661f <unknown>
#15 0x55a0679e3dd8 <unknown>
#16 0x55a0679e3fb6 <unknown>
#17 0x55a0679f5af6 <unknown>
#18 0x7fd58969caa4 <unknown>
#19 0x7fd589729c3c <unknown>
FAILED tests/test_login.py::test_invalid_email_validation[username1] - selenium.common.exceptions.JavascriptException: Message: javascript error: Cannot read properties of undefined (reading 'call')
  (Session info: chrome=138.0.7204.100)
Stacktrace:
#0 0x56284c8f67da <unknown>
#1 0x56284c39b2e0 <unknown>
#2 0x56284c3a1f28 <unknown>
#3 0x56284c3a4a6a <unknown>
#4 0x56284c43975e <unknown>
#5 0x56284c4128b2 <unknown>
#6 0x56284c43871c <unknown>
#7 0x56284c412683 <unknown>
#8 0x56284c3deb5b <unknown>
#9 0x56284c3dff31 <unknown>
#10 0x56284c8bb72b <unknown>
#11 0x56284c8bf534 <unknown>
#12 0x56284c8a2229 <unknown>
#13 0x56284c8c00d8 <unknown>
#14 0x56284c88661f <unknown>
#15 0x56284c8e3dd8 <unknown>
#16 0x56284c8e3fb6 <unknown>
#17 0x56284c8f5af6 <unknown>
#18 0x7f62cc09caa4 <unknown>
#19 0x7f62cc129c3c <unknown>
=================== 14 failed, 5 passed in 73.38s (0:01:13) ====================
--------------------------------------------
Test Run Finished: 2025-07-16 04:11:53
Duration: 75 seconds
Status: FAILURE
Exit Code: 1
============================================
