{"name": "test_valid_login[shubhamdabir07@gmail.com-Shubham@1234]", "status": "broken", "statusDetails": {"message": "selenium.common.exceptions.TimeoutException: Message: \nStacktrace:\n\tGetHandleVerifier [0x00CB7FD3+60707]\n\tGetHandleVerifier [0x00CB8014+60772]\n\t(No symbol) [0x00AE0683]\n\t(No symbol) [0x00B28660]\n\t(No symbol) [0x00B289FB]\n\t(No symbol) [0x00B71022]\n\t(No symbol) [0x00B4D094]\n\t(No symbol) [0x00B6E824]\n\t(No symbol) [0x00B4CE46]\n\t(No symbol) [0x00B1C5D3]\n\t(No symbol) [0x00B1D424]\n\tGetHandleVerifier [0x00EFBAB3+2435075]\n\tGetHandleVerifier [0x00EF7053+2416035]\n\tGetHandleVerifier [0x00F133FC+2531660]\n\tGetHandleVerifier [0x00CCF0A5+155125]\n\tGetHandleVerifier [0x00CD5A4D+182173]\n\tGetHandleVerifier [0x00CBF8A8+91640]\n\tGetHandleVerifier [0x00CBFA50+92064]\n\tGetHandleVerifier [0x00CAA510+4704]\n\tBaseThreadInitThunk [0x75EB7BA9+25]\n\tRtlInitializeExceptionChain [0x7727C2EB+107]\n\tRtlClearBits [0x7727C26F+191]", "trace": "setup = <selenium.webdriver.chrome.webdriver.WebDriver (session=\"f4e80b4ea92e7d6cd294d60fb776e804\")>\nlogin_test_data = {'expected_password_validation': 'Password is required', 'expected_username_validation': 'Email is required.', 'expect...lid_email_verification_msg': \"Please check your email address. If you don't have an account, you can create one.\", ...}\nusername = 'shubhamdabir07@gmail.com', password = 'Shubham@1234'\n\n    @pytest.mark.parametrize(\"username, password\", zip(valid_username, valid_password))\n    def test_valid_login(setup, login_test_data, username, password):\n       # expectedmessage = login_test_data['expectederrormsg']\n        driver = setup\n        login_page = LoginPage(driver)\n        logger.info(\"Starting the test case for valid credentials\")\n        login_page.enter_username(username)\n        logger.info(\"User enters the email-id\")\n        login_page.enter_password(password)\n        logger.info(\"User enters the password\")\n        login_page.click_loginbutton()\n        logger.info(\"User clicks on login button\")\n>       login_page.success_login(login_test_data)\n\ntest_login.py:42: \n_ _ _ _ _ _ _ _ _ _ _ _ _ _ _ _ _ _ _ _ _ _ _ _ _ _ _ _ _ _ _ _ _ _ _ _ _ _ _ _\n..\\pages\\login_page.py:46: in success_login\n    self.actions.wait_for_element(self.success_msg)\n..\\actions\\actions.py:68: in wait_for_element\n    WebDriverWait(self.driver, timeout).until(EC.visibility_of_element_located(locator))\n_ _ _ _ _ _ _ _ _ _ _ _ _ _ _ _ _ _ _ _ _ _ _ _ _ _ _ _ _ _ _ _ _ _ _ _ _ _ _ _\n\nself = <selenium.webdriver.support.wait.WebDriverWait (session=\"f4e80b4ea92e7d6cd294d60fb776e804\")>\nmethod = <function visibility_of_element_located.<locals>._predicate at 0x000001E5AF9C0680>\nmessage = ''\n\n    def until(self, method: Callable[[D], Union[Literal[False], T]], message: str = \"\") -> T:\n        \"\"\"Wait until the method returns a value that is not False.\n    \n        Calls the method provided with the driver as an argument until the\n        return value does not evaluate to ``False``.\n    \n        Parameters:\n        ----------\n        method: callable(WebDriver)\n            - A callable object that takes a WebDriver instance as an argument.\n    \n        message: str\n            - Optional message for :exc:`TimeoutException`\n    \n        Return:\n        -------\n        object: T\n            - The result of the last call to `method`\n    \n        Raises:\n        -------\n        TimeoutException\n            - If 'method' does not return a truthy value within the WebDriverWait\n            object's timeout\n    \n        Example:\n        --------\n        >>> from selenium.webdriver.common.by import By\n        >>> from selenium.webdriver.support.ui import WebDriverWait\n        >>> from selenium.webdriver.support import expected_conditions as EC\n    \n        # Wait until an element is visible on the page\n        >>> wait = WebDriverWait(driver, 10)\n        >>> element = wait.until(EC.visibility_of_element_located((By.ID, \"exampleId\")))\n        >>> print(element.text)\n        \"\"\"\n        screen = None\n        stacktrace = None\n    \n        end_time = time.monotonic() + self._timeout\n        while True:\n            try:\n                value = method(self._driver)\n                if value:\n                    return value\n            except self._ignored_exceptions as exc:\n                screen = getattr(exc, \"screen\", None)\n                stacktrace = getattr(exc, \"stacktrace\", None)\n            if time.monotonic() > end_time:\n                break\n            time.sleep(self._poll)\n>       raise TimeoutException(message, screen, stacktrace)\nE       selenium.common.exceptions.TimeoutException: Message: \nE       Stacktrace:\nE       \tGetHandleVerifier [0x00CB7FD3+60707]\nE       \tGetHandleVerifier [0x00CB8014+60772]\nE       \t(No symbol) [0x00AE0683]\nE       \t(No symbol) [0x00B28660]\nE       \t(No symbol) [0x00B289FB]\nE       \t(No symbol) [0x00B71022]\nE       \t(No symbol) [0x00B4D094]\nE       \t(No symbol) [0x00B6E824]\nE       \t(No symbol) [0x00B4CE46]\nE       \t(No symbol) [0x00B1C5D3]\nE       \t(No symbol) [0x00B1D424]\nE       \tGetHandleVerifier [0x00EFBAB3+2435075]\nE       \tGetHandleVerifier [0x00EF7053+2416035]\nE       \tGetHandleVerifier [0x00F133FC+2531660]\nE       \tGetHandleVerifier [0x00CCF0A5+155125]\nE       \tGetHandleVerifier [0x00CD5A4D+182173]\nE       \tGetHandleVerifier [0x00CBF8A8+91640]\nE       \tGetHandleVerifier [0x00CBFA50+92064]\nE       \tGetHandleVerifier [0x00CAA510+4704]\nE       \tBaseThreadInitThunk [0x75EB7BA9+25]\nE       \tRtlInitializeExceptionChain [0x7727C2EB+107]\nE       \tRtlClearBits [0x7727C26F+191]\n\n..\\.venv\\Lib\\site-packages\\selenium\\webdriver\\support\\wait.py:146: TimeoutException"}, "attachments": [{"name": "log", "source": "65792579-f350-4c0d-be82-6878a0519b6c-attachment.txt", "type": "text/plain"}, {"name": "stderr", "source": "b3a3bd26-3322-4071-bc0f-22da785430f4-attachment.txt", "type": "text/plain"}], "parameters": [{"name": "username", "value": "'shubhamdabir07@gmail.com'"}, {"name": "password", "value": "'Shubham@1234'"}], "start": 1745419803702, "stop": 1745419835744, "uuid": "0118ff9c-bb49-4838-8b0a-3c856e5fb42e", "historyId": "2ae8a2b4eba18df903f32a6ff0369aa0", "testCaseId": "46f63ae83d79a814c2827139cf68b1cb", "fullName": "test_login#test_valid_login", "labels": [{"name": "suite", "value": "test_login"}, {"name": "host", "value": "LAPTOP-R01C5SG4"}, {"name": "thread", "value": "87600-MainThread"}, {"name": "framework", "value": "pytest"}, {"name": "language", "value": "cpython3"}, {"name": "package", "value": "test_login"}]}